Using pre-set license
Built from '2021.3/staging' branch; Version is '2021.3.19f1 (c9714fde33b6) revision 13201743'; Using compiler version '192829333'; Build Type 'Release'
OS: 'Windows 11  (10.0.22621) 64bit Core' Language: 'fr' Physical Memory: 16085 MB
BatchMode: 1, IsHumanControllingUs: 0, StartBugReporterOnCrash: 0, Is64bit: 1, IsPro: 1

COMMAND LINE ARGUMENTS:
C:\Program Files\Unity\Hub\Editor\2021.3.19f1\Editor\Unity.exe
-adb2
-batchMode
-noUpm
-name
AssetImportWorker7
-projectPath
C:/Users/aroma/Videos/voyiage/Voyiage/Voyiage
-logFile
Logs/AssetImportWorker7.log
-srvPort
51479
Successfully changed project path to: C:/Users/aroma/Videos/voyiage/Voyiage/Voyiage
C:/Users/aroma/Videos/voyiage/Voyiage/Voyiage
[UnityMemory] Configuration Parameters - Can be set up in boot.config
    "memorysetup-bucket-allocator-granularity=16"
    "memorysetup-bucket-allocator-bucket-count=8"
    "memorysetup-bucket-allocator-block-size=33554432"
    "memorysetup-bucket-allocator-block-count=8"
    "memorysetup-main-allocator-block-size=16777216"
    "memorysetup-thread-allocator-block-size=16777216"
    "memorysetup-gfx-main-allocator-block-size=16777216"
    "memorysetup-gfx-thread-allocator-block-size=16777216"
    "memorysetup-cache-allocator-block-size=4194304"
    "memorysetup-typetree-allocator-block-size=2097152"
    "memorysetup-profiler-bucket-allocator-granularity=16"
    "memorysetup-profiler-bucket-allocator-bucket-count=8"
    "memorysetup-profiler-bucket-allocator-block-size=33554432"
    "memorysetup-profiler-bucket-allocator-block-count=8"
    "memorysetup-profiler-allocator-block-size=16777216"
    "memorysetup-profiler-editor-allocator-block-size=1048576"
    "memorysetup-temp-allocator-size-main=16777216"
    "memorysetup-job-temp-allocator-block-size=2097152"
    "memorysetup-job-temp-allocator-block-size-background=1048576"
    "memorysetup-job-temp-allocator-reduction-small-platforms=262144"
    "memorysetup-temp-allocator-size-background-worker=32768"
    "memorysetup-temp-allocator-size-job-worker=262144"
    "memorysetup-temp-allocator-size-preload-manager=33554432"
    "memorysetup-temp-allocator-size-nav-mesh-worker=65536"
    "memorysetup-temp-allocator-size-audio-worker=65536"
    "memorysetup-temp-allocator-size-cloud-worker=32768"
    "memorysetup-temp-allocator-size-gi-baking-worker=262144"
    "memorysetup-temp-allocator-size-gfx=262144"
Player connection [37372] Host "[IP] 192.168.1.57 [Port] 0 [Flags] 2 [Guid] 4078697232 [EditorId] 4078697232 [Version] 1048832 [Id] WindowsEditor(7,MSI) [Debug] 1 [PackageName] WindowsEditor [ProjectName] Editor" joined multi-casting on [225.0.0.222:54997]...

Player connection [37372] Host "[IP] 192.168.1.57 [Port] 0 [Flags] 2 [Guid] 4078697232 [EditorId] 4078697232 [Version] 1048832 [Id] WindowsEditor(7,MSI) [Debug] 1 [PackageName] WindowsEditor [ProjectName] Editor" joined alternative multi-casting on [225.0.0.222:34997]...

Refreshing native plugins compatible for Editor in 126.88 ms, found 3 plugins.
Preloading 0 native plugins for Editor in 0.00 ms.
Initialize engine version: 2021.3.19f1 (c9714fde33b6)
[Subsystems] Discovering subsystems at path C:/Program Files/Unity/Hub/Editor/2021.3.19f1/Editor/Data/Resources/UnitySubsystems
[Subsystems] Discovering subsystems at path C:/Users/aroma/Videos/voyiage/Voyiage/Voyiage/Assets
GfxDevice: creating device client; threaded=0; jobified=0
Direct3D:
    Version:  Direct3D 11.0 [level 11.1]
    Renderer: NVIDIA GeForce GTX 1650 with Max-Q Design (ID=0x1f9d)
    Vendor:   NVIDIA
    VRAM:     3965 MB
    Driver:   30.0.15.1165
Initialize mono
Mono path[0] = 'C:/Program Files/Unity/Hub/Editor/2021.3.19f1/Editor/Data/Managed'
Mono path[1] = 'C:/Program Files/Unity/Hub/Editor/2021.3.19f1/Editor/Data/MonoBleedingEdge/lib/mono/unityjit-win32'
Mono config path = 'C:/Program Files/Unity/Hub/Editor/2021.3.19f1/Editor/Data/MonoBleedingEdge/etc'
Using monoOptions --debugger-agent=transport=dt_socket,embedding=1,server=y,suspend=n,address=127.0.0.1:56096
Begin MonoManager ReloadAssembly
Registering precompiled unity dll's ...
Register platform support module: C:/Program Files/Unity/Hub/Editor/2021.3.19f1/Editor/Data/PlaybackEngines/WindowsStandaloneSupport/UnityEditor.WindowsStandalone.Extensions.dll
Registered in 0.003489 seconds.
Native extension for WindowsStandalone target not found
Refreshing native plugins compatible for Editor in 101.21 ms, found 3 plugins.
Preloading 0 native plugins for Editor in 0.00 ms.
Mono: successfully reloaded assembly
- Completed reload, in  0.576 seconds
Domain Reload Profiling:
	ReloadAssembly (577ms)
		BeginReloadAssembly (61ms)
			ExecutionOrderSort (0ms)
			DisableScriptedObjects (0ms)
			BackupInstance (0ms)
			ReleaseScriptingObjects (0ms)
			CreateAndSetChildDomain (1ms)
		EndReloadAssembly (427ms)
			LoadAssemblies (56ms)
			RebuildTransferFunctionScriptingTraits (0ms)
			SetupTypeCache (107ms)
			ReleaseScriptCaches (0ms)
			RebuildScriptCaches (23ms)
			SetupLoadedEditorAssemblies (255ms)
				LogAssemblyErrors (0ms)
				InitializePlatformSupportModulesInManaged (6ms)
				SetLoadedEditorAssemblies (0ms)
				RefreshPlugins (101ms)
				BeforeProcessingInitializeOnLoad (1ms)
				ProcessInitializeOnLoadAttributes (114ms)
				ProcessInitializeOnLoadMethodAttributes (32ms)
				AfterProcessingInitializeOnLoad (0ms)
				EditorAssembliesLoaded (0ms)
			ExecutionOrderSort2 (0ms)
			AwakeInstancesAfterBackupRestoration (0ms)
Platform modules already initialized, skipping
Registering precompiled user dll's ...
Registered in 0.004569 seconds.
Begin MonoManager ReloadAssembly
Symbol file LoadedFromMemory doesn't match image C:\Users\aroma\Videos\voyiage\Voyiage\Voyiage\Library\PackageCache\com.unity.visualscripting@1.8.0\Editor\VisualScripting.Core\Dependencies\YamlDotNet\Unity.VisualScripting.YamlDotNet.dll
Symbol file LoadedFromMemory doesn't match image C:\Users\aroma\Videos\voyiage\Voyiage\Voyiage\Library\PackageCache\com.unity.visualscripting@1.8.0\Editor\VisualScripting.Core\Dependencies\DotNetZip\Unity.VisualScripting.IonicZip.dll
Native extension for WindowsStandalone target not found
Refreshing native plugins compatible for Editor in 99.74 ms, found 3 plugins.
Preloading 0 native plugins for Editor in 0.00 ms.
Mono: successfully reloaded assembly
- Completed reload, in  1.145 seconds
Domain Reload Profiling:
	ReloadAssembly (1146ms)
		BeginReloadAssembly (88ms)
			ExecutionOrderSort (0ms)
			DisableScriptedObjects (5ms)
			BackupInstance (0ms)
			ReleaseScriptingObjects (0ms)
			CreateAndSetChildDomain (16ms)
		EndReloadAssembly (963ms)
			LoadAssemblies (72ms)
			RebuildTransferFunctionScriptingTraits (0ms)
			SetupTypeCache (287ms)
			ReleaseScriptCaches (1ms)
			RebuildScriptCaches (54ms)
			SetupLoadedEditorAssemblies (521ms)
				LogAssemblyErrors (0ms)
				InitializePlatformSupportModulesInManaged (3ms)
				SetLoadedEditorAssemblies (0ms)
				RefreshPlugins (100ms)
				BeforeProcessingInitializeOnLoad (89ms)
				ProcessInitializeOnLoadAttributes (252ms)
				ProcessInitializeOnLoadMethodAttributes (71ms)
				AfterProcessingInitializeOnLoad (5ms)
				EditorAssembliesLoaded (0ms)
			ExecutionOrderSort2 (0ms)
			AwakeInstancesAfterBackupRestoration (5ms)
Platform modules already initialized, skipping
========================================================================
Worker process is ready to serve import requests
Launched and connected shader compiler UnityShaderCompiler.exe after 0.03 seconds
Refreshing native plugins compatible for Editor in 0.84 ms, found 3 plugins.
Preloading 0 native plugins for Editor in 0.00 ms.
Unloading 5400 Unused Serialized files (Serialized files now loaded: 0)
Unloading 48 unused Assets / (0.8 MB). Loaded Objects now: 5854.
Memory consumption went from 219.3 MB to 218.5 MB.
Total: 3.419300 ms (FindLiveObjects: 0.407100 ms CreateObjectMapping: 0.173600 ms MarkObjects: 2.557000 ms  DeleteObjects: 0.280800 ms)

AssetImportParameters requested are different than current active one (requested -> active):
  custom:video-decoder-ogg-theora: a1e56fd34408186e4bbccfd4996cb3dc -> 
  custom:container-muxer-webm: aa71ff27fc2769a1b78a27578f13a17b -> 
  custom:container-demuxer-webm: 4f35f7cbe854078d1ac9338744f61a02 -> 
  custom:video-encoder-webm-vp8: eb34c28f22e8b96e1ab97ce403110664 -> 
  custom:audio-encoder-webm-vorbis: bf7c407c2cedff20999df2af8eb42d56 -> 
  custom:framework-win-MediaFoundation: 216162199b28c13a410421893ffa2e32 -> 
  custom:container-demuxer-ogg: 62fdf1f143b41e24485cea50d1cbac27 -> 
  custom:video-decoder-webm-vp8: 9c59270c3fd7afecdb556c50c9e8de78 -> 
  custom:audio-decoder-ogg-vorbis: bf7c407c2cedff20999df2af8eb42d56 -> 
========================================================================
Received Import Request.
  Time since last request: 791883.480891 seconds.
  path: Assets/Environment/Art/Models/Ground_Mesh.fbx
  artifactKey: Guid(aa38d7b0e367ecc4aac915dcfe957879) Importer(815301076,1909f56bfc062723c751e8b465ee728b)
Start importing Assets/Environment/Art/Models/Ground_Mesh.fbx using Guid(aa38d7b0e367ecc4aac915dcfe957879) Importer(815301076,1909f56bfc062723c751e8b465ee728b)  -> (artifact id: '14ef456a3924e5b30d1ec681447e6600') in 0.246848 seconds 
========================================================================
Received Import Request.
  Time since last request: 0.000028 seconds.
  path: Assets/Environment/Art/Models/Tunnel_Mesh.fbx
  artifactKey: Guid(f712806514868e54699156ec05dcb749) Importer(815301076,1909f56bfc062723c751e8b465ee728b)
Start importing Assets/Environment/Art/Models/Tunnel_Mesh.fbx using Guid(f712806514868e54699156ec05dcb749) Importer(815301076,1909f56bfc062723c751e8b465ee728b)  -> (artifact id: 'b9460d81cefdb60f60b3d92dcaa17554') in 0.029062 seconds 
========================================================================
Received Import Request.
  Time since last request: 0.000041 seconds.
  path: Assets/Environment/Art/Models/Wall_Mesh.fbx
  artifactKey: Guid(ff02a0a00ab750f48b09459b1cafd1b8) Importer(815301076,1909f56bfc062723c751e8b465ee728b)
Start importing Assets/Environment/Art/Models/Wall_Mesh.fbx using Guid(ff02a0a00ab750f48b09459b1cafd1b8) Importer(815301076,1909f56bfc062723c751e8b465ee728b)  -> (artifact id: '6f7bb923f8132a8d2395c9809281e136') in 0.029918 seconds 
========================================================================
Received Import Request.
  Time since last request: 0.000029 seconds.
  path: Assets/Environment/Art/Materials/GridOrange_01_Mat.mat
  artifactKey: Guid(7ab977a21c92388468ee65ad1c0e5a78) Importer(815301076,1909f56bfc062723c751e8b465ee728b)
Start importing Assets/Environment/Art/Materials/GridOrange_01_Mat.mat using Guid(7ab977a21c92388468ee65ad1c0e5a78) Importer(815301076,1909f56bfc062723c751e8b465ee728b)  -> (artifact id: '12919688fb5b79b7820a0c278e6bb63e') in 0.031810 seconds 
========================================================================
Received Import Request.
  Time since last request: 0.000027 seconds.
  path: Assets/Environment/Art/Materials/GridWhite_01_Mat.mat
  artifactKey: Guid(dbf898c9f9c4a2d46aa6336e23caeb61) Importer(815301076,1909f56bfc062723c751e8b465ee728b)
Start importing Assets/Environment/Art/Materials/GridWhite_01_Mat.mat using Guid(dbf898c9f9c4a2d46aa6336e23caeb61) Importer(815301076,1909f56bfc062723c751e8b465ee728b)  -> (artifact id: '7a678435117d5198d4f2c2920ac65727') in 0.016558 seconds 
========================================================================
Received Import Request.
  Time since last request: 0.000020 seconds.
  path: Assets/Environment/Art/Models/Box_350x250x200_Mesh.fbx
  artifactKey: Guid(c6a55ba99e9e99d41b7eef123e311a43) Importer(815301076,1909f56bfc062723c751e8b465ee728b)
Start importing Assets/Environment/Art/Models/Box_350x250x200_Mesh.fbx using Guid(c6a55ba99e9e99d41b7eef123e311a43) Importer(815301076,1909f56bfc062723c751e8b465ee728b)  -> (artifact id: 'fee7be71eea7c35cc7316e5c8eb300be') in 0.023026 seconds 
========================================================================
Received Import Request.
  Time since last request: 0.000024 seconds.
  path: Assets/Environment/Art/Models/Box_350x250x300_Mesh.fbx
  artifactKey: Guid(d2f0da3998423f44594868ffed55c3e6) Importer(815301076,1909f56bfc062723c751e8b465ee728b)
Start importing Assets/Environment/Art/Models/Box_350x250x300_Mesh.fbx using Guid(d2f0da3998423f44594868ffed55c3e6) Importer(815301076,1909f56bfc062723c751e8b465ee728b)  -> (artifact id: '664289a4d86e5ad78e5ea62e9d40534c') in 0.023505 seconds 
========================================================================
Received Import Request.
  Time since last request: 0.000023 seconds.
  path: Assets/TextMesh Pro/Examples & Extras/Materials/Ground - Surface Shader Scene.mat
  artifactKey: Guid(aadd5a709a48466c887296bb5b1b8110) Importer(815301076,1909f56bfc062723c751e8b465ee728b)
Start importing Assets/TextMesh Pro/Examples & Extras/Materials/Ground - Surface Shader Scene.mat using Guid(aadd5a709a48466c887296bb5b1b8110) Importer(815301076,1909f56bfc062723c751e8b465ee728b)  -> (artifact id: '1143a5373330d77142540b1379bdd850') in 0.014718 seconds 
========================================================================
Received Import Request.
  Time since last request: 0.000028 seconds.
  path: Assets/TextMesh Pro/Examples & Extras/Materials/Ground - Logo Scene.mat
  artifactKey: Guid(c719e38f25a9480abd2480ab621a2949) Importer(815301076,1909f56bfc062723c751e8b465ee728b)
Start importing Assets/TextMesh Pro/Examples & Extras/Materials/Ground - Logo Scene.mat using Guid(c719e38f25a9480abd2480ab621a2949) Importer(815301076,1909f56bfc062723c751e8b465ee728b)  -> (artifact id: 'bc0a0cf78d1e2239cf35bea2b163b421') in 0.013616 seconds 
========================================================================
Received Import Request.
  Time since last request: 0.000023 seconds.
  path: Assets/Environment/Art/Models/Structure_Mesh.fbx
  artifactKey: Guid(d0a9bfb4b5f28174884e89dd76563ae8) Importer(815301076,1909f56bfc062723c751e8b465ee728b)
Start importing Assets/Environment/Art/Models/Structure_Mesh.fbx using Guid(d0a9bfb4b5f28174884e89dd76563ae8) Importer(815301076,1909f56bfc062723c751e8b465ee728b)  -> (artifact id: '821fb1c87a7667477aa35e06708dc60d') in 0.028165 seconds 
========================================================================
Received Import Request.
  Time since last request: 1.426065 seconds.
  path: Assets/Character/Animations/Jump--Jump.anim.fbx
  artifactKey: Guid(98f277b0c8055e143b2fcf058d3c27dc) Importer(815301076,1909f56bfc062723c751e8b465ee728b)
Start importing Assets/Character/Animations/Jump--Jump.anim.fbx using Guid(98f277b0c8055e143b2fcf058d3c27dc) Importer(815301076,1909f56bfc062723c751e8b465ee728b)  -> (artifact id: '27a2e1c77baa32f7addea0a7405fc355') in 0.010960 seconds 
========================================================================
Received Import Request.
  Time since last request: 0.000024 seconds.
  path: Assets/Voyiage asset synty/Probs origine PAS SUPPRIMER JAMAIS/Props/SM_Prop_Art_Standing_01.fbx
  artifactKey: Guid(7f2c36ecc986b194d803de8f3a6f30e2) Importer(815301076,1909f56bfc062723c751e8b465ee728b)
Start importing Assets/Voyiage asset synty/Probs origine PAS SUPPRIMER JAMAIS/Props/SM_Prop_Art_Standing_01.fbx using Guid(7f2c36ecc986b194d803de8f3a6f30e2) Importer(815301076,1909f56bfc062723c751e8b465ee728b)  -> (artifact id: '79df9ef73851094c76566f266cb851bb') in 0.015866 seconds 
========================================================================
Received Import Request.
  Time since last request: 0.000032 seconds.
  path: Assets/Voyiage asset synty/Probs origine PAS SUPPRIMER JAMAIS/PolygonCity/Models/SM_Bld_Apartment_Stack_03.fbx
  artifactKey: Guid(5028e3428c0f0eb48a8a1cda0783e024) Importer(815301076,1909f56bfc062723c751e8b465ee728b)
Start importing Assets/Voyiage asset synty/Probs origine PAS SUPPRIMER JAMAIS/PolygonCity/Models/SM_Bld_Apartment_Stack_03.fbx using Guid(5028e3428c0f0eb48a8a1cda0783e024) Importer(815301076,1909f56bfc062723c751e8b465ee728b)  -> (artifact id: '206ca1f1c5b75098f57e7bcbc0873dc5') in 0.018215 seconds 
========================================================================
Received Import Request.
  Time since last request: 0.000027 seconds.
  path: Assets/Voyiage asset synty/Probs origine PAS SUPPRIMER JAMAIS/PolygonCity/Models/SM_Prop_Cone_01.fbx
  artifactKey: Guid(4c754cc944263d140a68f22b535bd973) Importer(815301076,1909f56bfc062723c751e8b465ee728b)
Start importing Assets/Voyiage asset synty/Probs origine PAS SUPPRIMER JAMAIS/PolygonCity/Models/SM_Prop_Cone_01.fbx using Guid(4c754cc944263d140a68f22b535bd973) Importer(815301076,1909f56bfc062723c751e8b465ee728b)  -> (artifact id: '8c8424c97c8f9cf8d1c45bbfd5b311b3') in 0.018525 seconds 
========================================================================
Received Import Request.
  Time since last request: 0.000027 seconds.
  path: Assets/Voyiage asset synty/Probs origine PAS SUPPRIMER JAMAIS/PolygonCity/Models/SM_Env_Flower_01.fbx
  artifactKey: Guid(175f710fa4d544a4183b4e410ca6c016) Importer(815301076,1909f56bfc062723c751e8b465ee728b)
Start importing Assets/Voyiage asset synty/Probs origine PAS SUPPRIMER JAMAIS/PolygonCity/Models/SM_Env_Flower_01.fbx using Guid(175f710fa4d544a4183b4e410ca6c016) Importer(815301076,1909f56bfc062723c751e8b465ee728b)  -> (artifact id: '318f748a88c2dd37c941a1d3db2da4d3') in 0.016901 seconds 
========================================================================
Received Import Request.
  Time since last request: 0.000023 seconds.
  path: Assets/Voyiage asset synty/Probs origine PAS SUPPRIMER JAMAIS/Props/SM_Prop_BookOpen_01.fbx
  artifactKey: Guid(0cb22f8b6987ce54f98e981425952033) Importer(815301076,1909f56bfc062723c751e8b465ee728b)
Start importing Assets/Voyiage asset synty/Probs origine PAS SUPPRIMER JAMAIS/Props/SM_Prop_BookOpen_01.fbx using Guid(0cb22f8b6987ce54f98e981425952033) Importer(815301076,1909f56bfc062723c751e8b465ee728b)  -> (artifact id: '8191a5f55e41a08be7ba5a14257a7081') in 0.016643 seconds 
========================================================================
Received Import Request.
  Time since last request: 0.000030 seconds.
  path: Assets/Voyiage asset synty/Probs origine PAS SUPPRIMER JAMAIS/PolygonApocalypse/Models/SM_Generic_Small_Rocks_02.fbx
  artifactKey: Guid(78fa2d64c798ef94e8d81796016c2325) Importer(815301076,1909f56bfc062723c751e8b465ee728b)
Start importing Assets/Voyiage asset synty/Probs origine PAS SUPPRIMER JAMAIS/PolygonApocalypse/Models/SM_Generic_Small_Rocks_02.fbx using Guid(78fa2d64c798ef94e8d81796016c2325) Importer(815301076,1909f56bfc062723c751e8b465ee728b)  -> (artifact id: 'f90ad623d5c32d411387757e6f707d25') in 0.017724 seconds 
========================================================================
Received Import Request.
  Time since last request: 0.000023 seconds.
  path: Assets/Voyiage asset synty/Probs origine PAS SUPPRIMER JAMAIS/Props/SM_Prop_Bookshelf_01.fbx
  artifactKey: Guid(0737abfe7a32d284da45495dc9ec2491) Importer(815301076,1909f56bfc062723c751e8b465ee728b)
Start importing Assets/Voyiage asset synty/Probs origine PAS SUPPRIMER JAMAIS/Props/SM_Prop_Bookshelf_01.fbx using Guid(0737abfe7a32d284da45495dc9ec2491) Importer(815301076,1909f56bfc062723c751e8b465ee728b)  -> (artifact id: '6877f58ccd03f1e26b52ea6124f84704') in 0.015889 seconds 
========================================================================
Received Import Request.
  Time since last request: 0.000027 seconds.
  path: Assets/Voyiage asset synty/Probs origine PAS SUPPRIMER JAMAIS/Props/SM_Prop_CoffeeTable_02.fbx
  artifactKey: Guid(4276d91b08f8d404aa9965ea5e56c219) Importer(815301076,1909f56bfc062723c751e8b465ee728b)
Start importing Assets/Voyiage asset synty/Probs origine PAS SUPPRIMER JAMAIS/Props/SM_Prop_CoffeeTable_02.fbx using Guid(4276d91b08f8d404aa9965ea5e56c219) Importer(815301076,1909f56bfc062723c751e8b465ee728b)  -> (artifact id: 'c6a9eac31f5099f5168b37ef27973377') in 0.020306 seconds 
========================================================================
Received Import Request.
  Time since last request: 0.000025 seconds.
  path: Assets/Voyiage asset synty/Probs origine PAS SUPPRIMER JAMAIS/PolygonCity/Models/SM_Prop_Barrier_01.fbx
  artifactKey: Guid(15700296a2b923d469c4aa4e752ccdfa) Importer(815301076,1909f56bfc062723c751e8b465ee728b)
Start importing Assets/Voyiage asset synty/Probs origine PAS SUPPRIMER JAMAIS/PolygonCity/Models/SM_Prop_Barrier_01.fbx using Guid(15700296a2b923d469c4aa4e752ccdfa) Importer(815301076,1909f56bfc062723c751e8b465ee728b)  -> (artifact id: '4381fa2927c58a7937cee5b204242b0b') in 0.018083 seconds 
========================================================================
Received Import Request.
  Time since last request: 0.000028 seconds.
  path: Assets/Voyiage asset synty/Probs origine PAS SUPPRIMER JAMAIS/Props/SM_Prop_Computer_Screen_01.fbx
  artifactKey: Guid(5a9d9a43f06adf741a41ad4e2cc2b241) Importer(815301076,1909f56bfc062723c751e8b465ee728b)
Start importing Assets/Voyiage asset synty/Probs origine PAS SUPPRIMER JAMAIS/Props/SM_Prop_Computer_Screen_01.fbx using Guid(5a9d9a43f06adf741a41ad4e2cc2b241) Importer(815301076,1909f56bfc062723c751e8b465ee728b)  -> (artifact id: '240ce475290e9f0bb617b9a04992afcc') in 0.018059 seconds 
========================================================================
Received Import Request.
  Time since last request: 0.000050 seconds.
  path: Assets/Character/Animations/Locomotion--Run_S.anim.fbx
  artifactKey: Guid(a073c604c44135e438eeeaef77058ac5) Importer(815301076,1909f56bfc062723c751e8b465ee728b)
Start importing Assets/Character/Animations/Locomotion--Run_S.anim.fbx using Guid(a073c604c44135e438eeeaef77058ac5) Importer(815301076,1909f56bfc062723c751e8b465ee728b)  -> (artifact id: '812ff68d444f4157ac3c3f354c0f21a7') in 0.011228 seconds 
========================================================================
Received Import Request.
  Time since last request: 0.000024 seconds.
  path: Assets/Voyiage asset synty/Probs origine PAS SUPPRIMER JAMAIS/PolygonApocalypse/Models/SM_Env_Tree_Cluster_01.fbx
  artifactKey: Guid(65a90a28539557b4b8a662dbde348843) Importer(815301076,1909f56bfc062723c751e8b465ee728b)
Start importing Assets/Voyiage asset synty/Probs origine PAS SUPPRIMER JAMAIS/PolygonApocalypse/Models/SM_Env_Tree_Cluster_01.fbx using Guid(65a90a28539557b4b8a662dbde348843) Importer(815301076,1909f56bfc062723c751e8b465ee728b)  -> (artifact id: 'f517d3154d804df767a7cac1bf5bd7d2') in 0.017076 seconds 
========================================================================
Received Import Request.
  Time since last request: 0.000026 seconds.
  path: Assets/Character/Animations/Locomotion--Walk_N.anim.fbx
  artifactKey: Guid(8269a9f8cf495034c817722ac21f309f) Importer(815301076,1909f56bfc062723c751e8b465ee728b)
Start importing Assets/Character/Animations/Locomotion--Walk_N.anim.fbx using Guid(8269a9f8cf495034c817722ac21f309f) Importer(815301076,1909f56bfc062723c751e8b465ee728b)  -> (artifact id: '4b16cd93788953e16162362fe9419737') in 0.010366 seconds 
========================================================================
Received Import Request.
  Time since last request: 0.000024 seconds.
  path: Assets/Voyiage asset synty/Probs origine PAS SUPPRIMER JAMAIS/PolygonApocalypse/Models/SM_Generic_Small_Rocks_04.fbx
  artifactKey: Guid(4706b0c4b463df6468425f53904aa6d8) Importer(815301076,1909f56bfc062723c751e8b465ee728b)
Start importing Assets/Voyiage asset synty/Probs origine PAS SUPPRIMER JAMAIS/PolygonApocalypse/Models/SM_Generic_Small_Rocks_04.fbx using Guid(4706b0c4b463df6468425f53904aa6d8) Importer(815301076,1909f56bfc062723c751e8b465ee728b)  -> (artifact id: 'ec3336fee0de1f360930d5e945a04261') in 0.015543 seconds 
========================================================================
Received Import Request.
  Time since last request: 0.000025 seconds.
  path: Assets/Voyiage asset synty/Probs origine PAS SUPPRIMER JAMAIS/PolygonApocalypse/Models/SM_Env_Tree_Cluster_02.fbx
  artifactKey: Guid(457e5e9e7c5bbe244b8cff2c071680c4) Importer(815301076,1909f56bfc062723c751e8b465ee728b)
Start importing Assets/Voyiage asset synty/Probs origine PAS SUPPRIMER JAMAIS/PolygonApocalypse/Models/SM_Env_Tree_Cluster_02.fbx using Guid(457e5e9e7c5bbe244b8cff2c071680c4) Importer(815301076,1909f56bfc062723c751e8b465ee728b)  -> (artifact id: 'abfa308586414bc5b6b33fbf3eea7ce7') in 0.017242 seconds 
========================================================================
Received Import Request.
  Time since last request: 0.000025 seconds.
  path: Assets/Voyiage asset synty/Probs origine PAS SUPPRIMER JAMAIS/Props/SM_Prop_Bookshelf_02.fbx
  artifactKey: Guid(0ebc63c0019388241869486146f25b46) Importer(815301076,1909f56bfc062723c751e8b465ee728b)
Start importing Assets/Voyiage asset synty/Probs origine PAS SUPPRIMER JAMAIS/Props/SM_Prop_Bookshelf_02.fbx using Guid(0ebc63c0019388241869486146f25b46) Importer(815301076,1909f56bfc062723c751e8b465ee728b)  -> (artifact id: '6cf596a1e1843e764372b5678fdc8192') in 0.018884 seconds 
========================================================================
Received Import Request.
  Time since last request: 0.000028 seconds.
  path: Assets/Character/Animations/Locomotion--Walk_N_Land.anim.fbx
  artifactKey: Guid(325a26d62b61fa94cb3c97c435efebc5) Importer(815301076,1909f56bfc062723c751e8b465ee728b)
Start importing Assets/Character/Animations/Locomotion--Walk_N_Land.anim.fbx using Guid(325a26d62b61fa94cb3c97c435efebc5) Importer(815301076,1909f56bfc062723c751e8b465ee728b)  -> (artifact id: 'eb424ff8294f3f59a8857a951744319e') in 0.010289 seconds 
========================================================================
Received Import Request.
  Time since last request: 0.034919 seconds.
  path: Packages/com.unity.render-pipelines.core/Runtime/Debugging/Prefabs/Widgets/DebugUIIntField.prefab
  artifactKey: Guid(ae00bb75e0cd5b04b8fe7fb4ab662629) Importer(815301076,1909f56bfc062723c751e8b465ee728b)
Start importing Packages/com.unity.render-pipelines.core/Runtime/Debugging/Prefabs/Widgets/DebugUIIntField.prefab using Guid(ae00bb75e0cd5b04b8fe7fb4ab662629) Importer(815301076,1909f56bfc062723c751e8b465ee728b)  -> (artifact id: '0430b9cb00b49e4e3bcd472b8bf5b6aa') in 0.016388 seconds 
========================================================================
Received Import Request.
  Time since last request: 0.000027 seconds.
  path: Packages/com.unity.render-pipelines.core/Runtime/Debugging/Prefabs/Resources/DebugUIPersistentCanvas.prefab
  artifactKey: Guid(f6b1a0fe75d5009449cf55ae76220e2b) Importer(815301076,1909f56bfc062723c751e8b465ee728b)
Start importing Packages/com.unity.render-pipelines.core/Runtime/Debugging/Prefabs/Resources/DebugUIPersistentCanvas.prefab using Guid(f6b1a0fe75d5009449cf55ae76220e2b) Importer(815301076,1909f56bfc062723c751e8b465ee728b)  -> (artifact id: 'a51dd29d9f07081682ae7170ab6c8860') in 0.011409 seconds 
========================================================================
Received Import Request.
  Time since last request: 0.000038 seconds.
  path: Assets/Voyiage asset synty/nature/SM_Generic_Small_Rocks_02.prefab
  artifactKey: Guid(7e2bf52237b6ac349aba047104c27127) Importer(815301076,1909f56bfc062723c751e8b465ee728b)
Start importing Assets/Voyiage asset synty/nature/SM_Generic_Small_Rocks_02.prefab using Guid(7e2bf52237b6ac349aba047104c27127) Importer(815301076,1909f56bfc062723c751e8b465ee728b)  -> (artifact id: '712692348233a3c950d7c04b26782e71') in 0.014427 seconds 
========================================================================
Received Import Request.
  Time since last request: 0.000024 seconds.
  path: Assets/Environment/Prefabs/Environment_Prefab.prefab
  artifactKey: Guid(09aade0ecefd01e4b8f7661acf64f5c2) Importer(815301076,1909f56bfc062723c751e8b465ee728b)
Start importing Assets/Environment/Prefabs/Environment_Prefab.prefab using Guid(09aade0ecefd01e4b8f7661acf64f5c2) Importer(815301076,1909f56bfc062723c751e8b465ee728b)  -> (artifact id: '71f4a451c274f48b4f2761a17b040efa') in 1.271083 seconds 
========================================================================
Received Import Request.
  Time since last request: 0.000029 seconds.
  path: Packages/com.unity.render-pipelines.core/Runtime/Debugging/Prefabs/Widgets/DebugUIToggle.prefab
  artifactKey: Guid(ce347ad101f41ee4ab5c3fbc0ea447db) Importer(815301076,1909f56bfc062723c751e8b465ee728b)
Start importing Packages/com.unity.render-pipelines.core/Runtime/Debugging/Prefabs/Widgets/DebugUIToggle.prefab using Guid(ce347ad101f41ee4ab5c3fbc0ea447db) Importer(815301076,1909f56bfc062723c751e8b465ee728b)  -> (artifact id: 'f0e15dc788367ef5db4cff0bf90ca49b') in 0.011855 seconds 
========================================================================
Received Import Request.
  Time since last request: 0.000031 seconds.
  path: Assets/Voyiage asset synty/batiment/SM_Bld_Apartment_Stack_02.prefab
  artifactKey: Guid(7477417351bfa224ba9871000ff3cc50) Importer(815301076,1909f56bfc062723c751e8b465ee728b)
Start importing Assets/Voyiage asset synty/batiment/SM_Bld_Apartment_Stack_02.prefab using Guid(7477417351bfa224ba9871000ff3cc50) Importer(815301076,1909f56bfc062723c751e8b465ee728b)  -> (artifact id: '5ad38055bcea5302caf1640c1e731f8c') in 0.013470 seconds 
========================================================================
Received Import Request.
  Time since last request: 21.110778 seconds.
  path: Assets/Voyiage asset synty/chambre/SM_Prop_BookOpen_01.prefab
  artifactKey: Guid(4f70787228db8e745acc9b002654effb) Importer(815301076,1909f56bfc062723c751e8b465ee728b)
Start importing Assets/Voyiage asset synty/chambre/SM_Prop_BookOpen_01.prefab using Guid(4f70787228db8e745acc9b002654effb) Importer(815301076,1909f56bfc062723c751e8b465ee728b)  -> (artifact id: 'b0442e7f27ebe99468a1dcdcf9e2054f') in 0.012648 seconds 
========================================================================
Received Import Request.
  Time since last request: 0.000022 seconds.
  path: Assets/Voyiage asset synty/Salon/SM_Prop_CoffeeTable_02.prefab
  artifactKey: Guid(e4e46c5abbdec9348940c5acec9a59c8) Importer(815301076,1909f56bfc062723c751e8b465ee728b)
Start importing Assets/Voyiage asset synty/Salon/SM_Prop_CoffeeTable_02.prefab using Guid(e4e46c5abbdec9348940c5acec9a59c8) Importer(815301076,1909f56bfc062723c751e8b465ee728b)  -> (artifact id: 'c3ef147d719b4eca1b1f473d8de81c25') in 0.014255 seconds 
========================================================================
Received Import Request.
  Time since last request: 0.000026 seconds.
  path: Assets/Voyiage asset synty/chambre/bureau/SM_Prop_Computer_Screen_01.prefab
  artifactKey: Guid(099404f388267de44a27dbc964de6ce1) Importer(815301076,1909f56bfc062723c751e8b465ee728b)
Start importing Assets/Voyiage asset synty/chambre/bureau/SM_Prop_Computer_Screen_01.prefab using Guid(099404f388267de44a27dbc964de6ce1) Importer(815301076,1909f56bfc062723c751e8b465ee728b)  -> (artifact id: 'c873bab99788d189bbe29ecacf739107') in 0.011960 seconds 
========================================================================
Received Import Request.
  Time since last request: 0.000022 seconds.
  path: Assets/Voyiage asset synty/chambre/SM_Prop_Bookshelf_02.prefab
  artifactKey: Guid(50152cca3ecbef146a58625f26c3c419) Importer(815301076,1909f56bfc062723c751e8b465ee728b)
Start importing Assets/Voyiage asset synty/chambre/SM_Prop_Bookshelf_02.prefab using Guid(50152cca3ecbef146a58625f26c3c419) Importer(815301076,1909f56bfc062723c751e8b465ee728b)  -> (artifact id: '53c08c338bc0e8ef4aa90c3c5d0d1cab') in 0.023681 seconds 
========================================================================
Received Import Request.
  Time since last request: 0.000023 seconds.
  path: Assets/Voyiage asset synty/Salon/SM_Prop_Couch_05.prefab
  artifactKey: Guid(d1fa902731f09f34c8e6d767b0c42470) Importer(815301076,1909f56bfc062723c751e8b465ee728b)
Start importing Assets/Voyiage asset synty/Salon/SM_Prop_Couch_05.prefab using Guid(d1fa902731f09f34c8e6d767b0c42470) Importer(815301076,1909f56bfc062723c751e8b465ee728b)  -> (artifact id: '56940509a92fc4614566cc897d09d985') in 0.013234 seconds 
========================================================================
Received Import Request.
  Time since last request: 0.391149 seconds.
  path: Assets/Voyiage asset synty/Salon/SM_Prop_Dresser_03.prefab
  artifactKey: Guid(858847ba7f0f02040afc2a08e023465d) Importer(815301076,1909f56bfc062723c751e8b465ee728b)
Start importing Assets/Voyiage asset synty/Salon/SM_Prop_Dresser_03.prefab using Guid(858847ba7f0f02040afc2a08e023465d) Importer(815301076,1909f56bfc062723c751e8b465ee728b)  -> (artifact id: '0d4e36cc051d691739243a1c7fe71ede') in 0.014441 seconds 
========================================================================
Received Import Request.
  Time since last request: 0.000023 seconds.
  path: Assets/Voyiage asset synty/chambre/SM_Prop_Dresser_03_Combined.prefab
  artifactKey: Guid(3f9174f4a4400124d988572219fe5796) Importer(815301076,1909f56bfc062723c751e8b465ee728b)
Start importing Assets/Voyiage asset synty/chambre/SM_Prop_Dresser_03_Combined.prefab using Guid(3f9174f4a4400124d988572219fe5796) Importer(815301076,1909f56bfc062723c751e8b465ee728b)  -> (artifact id: '23cc1e3058ef7201559b127c8c49b522') in 0.014807 seconds 
========================================================================
Received Import Request.
  Time since last request: 0.000026 seconds.
  path: Assets/Voyiage asset synty/chambre/SM_Prop_Flowers_03.prefab
  artifactKey: Guid(bc0f9814aab8efb4995b78c763e71386) Importer(815301076,1909f56bfc062723c751e8b465ee728b)
Start importing Assets/Voyiage asset synty/chambre/SM_Prop_Flowers_03.prefab using Guid(bc0f9814aab8efb4995b78c763e71386) Importer(815301076,1909f56bfc062723c751e8b465ee728b)  -> (artifact id: 'e1cacafa7e5f4df5dfad98fb2e4d3b2c') in 0.014969 seconds 
========================================================================
Received Import Request.
  Time since last request: 0.004998 seconds.
  path: Assets/Voyiage asset synty/batiment/SM_Prop_Shipping_Container_Small_01 (1).prefab
  artifactKey: Guid(9d7784e9b9f287c4280d932ce3cc6eb8) Importer(815301076,1909f56bfc062723c751e8b465ee728b)
Start importing Assets/Voyiage asset synty/batiment/SM_Prop_Shipping_Container_Small_01 (1).prefab using Guid(9d7784e9b9f287c4280d932ce3cc6eb8) Importer(815301076,1909f56bfc062723c751e8b465ee728b)  -> (artifact id: '945a9868b5df3b704574edaecb6d95a4') in 0.014806 seconds 
========================================================================
Received Import Request.
  Time since last request: 0.000023 seconds.
  path: Assets/Voyiage asset synty/Deco ville/SM_Prop_Skip_01.prefab
  artifactKey: Guid(56e8e2d5e566a2d4cbe058eb1884f387) Importer(815301076,1909f56bfc062723c751e8b465ee728b)
Start importing Assets/Voyiage asset synty/Deco ville/SM_Prop_Skip_01.prefab using Guid(56e8e2d5e566a2d4cbe058eb1884f387) Importer(815301076,1909f56bfc062723c751e8b465ee728b)  -> (artifact id: '3f3c5d0a2b80012bcdb03b029ed321d3') in 0.016109 seconds 
========================================================================
Received Import Request.
  Time since last request: 0.000032 seconds.
  path: Assets/Voyiage asset synty/toilette/SM_Prop_ToiletBrush_01.prefab
  artifactKey: Guid(2d15326f2553513459c94a53a0fe05f4) Importer(815301076,1909f56bfc062723c751e8b465ee728b)
Start importing Assets/Voyiage asset synty/toilette/SM_Prop_ToiletBrush_01.prefab using Guid(2d15326f2553513459c94a53a0fe05f4) Importer(815301076,1909f56bfc062723c751e8b465ee728b)  -> (artifact id: 'a544d3a10d3ff1b47813be036e3691f5') in 0.014654 seconds 
========================================================================
Received Import Request.
  Time since last request: 0.315797 seconds.
  path: Assets/Environment/Prefabs/Structure_Prefab.prefab
  artifactKey: Guid(79e624e6a8770a946afb866fd94b394b) Importer(815301076,1909f56bfc062723c751e8b465ee728b)
Start importing Assets/Environment/Prefabs/Structure_Prefab.prefab using Guid(79e624e6a8770a946afb866fd94b394b) Importer(815301076,1909f56bfc062723c751e8b465ee728b)  -> (artifact id: '824913fe664fe10efe7e6472c7160882') in 0.017493 seconds 
========================================================================
Received Import Request.
  Time since last request: 0.000024 seconds.
  path: Assets/TextMesh Pro/Examples & Extras/Prefabs/TextMeshPro - Prefab 2.prefab
  artifactKey: Guid(fdad9d952ae84cafb74c63f2e694d042) Importer(815301076,1909f56bfc062723c751e8b465ee728b)
Start importing Assets/TextMesh Pro/Examples & Extras/Prefabs/TextMeshPro - Prefab 2.prefab using Guid(fdad9d952ae84cafb74c63f2e694d042) Importer(815301076,1909f56bfc062723c751e8b465ee728b)  -> (artifact id: '647d913c61c7883980a15c056b8a5700') in 0.040855 seconds 
========================================================================
Received Import Request.
  Time since last request: 0.000025 seconds.
  path: Assets/Mobile/Prefabs/VirtualInputs/UI_Virtual_Button.prefab
  artifactKey: Guid(9e55d9b4642484f41be20c69a9b48063) Importer(815301076,1909f56bfc062723c751e8b465ee728b)
Start importing Assets/Mobile/Prefabs/VirtualInputs/UI_Virtual_Button.prefab using Guid(9e55d9b4642484f41be20c69a9b48063) Importer(815301076,1909f56bfc062723c751e8b465ee728b)  -> (artifact id: 'b9e2e3193017b073765d968904d5d32d') in 0.009410 seconds 
========================================================================
Received Import Request.
  Time since last request: 0.000051 seconds.
  path: Assets/Mobile/Prefabs/CanvasInputs/UI_Canvas_StarterAssetsInputs_TouchZones.prefab
  artifactKey: Guid(7484ce6f8ca3d81408c606b5ae8b9ff3) Importer(815301076,1909f56bfc062723c751e8b465ee728b)
Start importing Assets/Mobile/Prefabs/CanvasInputs/UI_Canvas_StarterAssetsInputs_TouchZones.prefab using Guid(7484ce6f8ca3d81408c606b5ae8b9ff3) Importer(815301076,1909f56bfc062723c751e8b465ee728b)  -> (artifact id: '5c50b365750fc6e692cb81089afba527') in 0.010104 seconds 
========================================================================
Received Import Request.
  Time since last request: 15.442322 seconds.
  path: Packages/com.unity.render-pipelines.core/Runtime/Debugging/Prefabs/Widgets/DebugUIBitField.prefab
  artifactKey: Guid(7c78b588b2e1f7c4a86ca4a985cf6e4a) Importer(815301076,1909f56bfc062723c751e8b465ee728b)
Start importing Packages/com.unity.render-pipelines.core/Runtime/Debugging/Prefabs/Widgets/DebugUIBitField.prefab using Guid(7c78b588b2e1f7c4a86ca4a985cf6e4a) Importer(815301076,1909f56bfc062723c751e8b465ee728b)  -> (artifact id: 'b6982f82c129c55fd169a7ed8efb7b92') in 0.015919 seconds 
========================================================================
Received Import Request.
  Time since last request: 0.000025 seconds.
  path: Packages/com.unity.render-pipelines.core/Runtime/Debugging/Prefabs/Widgets/DebugUIEnumHistory.prefab
  artifactKey: Guid(b2da6b27df236b144b3516ed8e7d36ac) Importer(815301076,1909f56bfc062723c751e8b465ee728b)
Start importing Packages/com.unity.render-pipelines.core/Runtime/Debugging/Prefabs/Widgets/DebugUIEnumHistory.prefab using Guid(b2da6b27df236b144b3516ed8e7d36ac) Importer(815301076,1909f56bfc062723c751e8b465ee728b)  -> (artifact id: 'a97bad5f51a4de22e7b2634ac5186c7d') in 0.008957 seconds 
========================================================================
Received Import Request.
  Time since last request: 0.000026 seconds.
  path: Packages/com.unity.render-pipelines.core/Runtime/Debugging/Prefabs/Widgets/DebugUIColor.prefab
  artifactKey: Guid(77c185820dd1a464eac89cae3abccddf) Importer(815301076,1909f56bfc062723c751e8b465ee728b)
Start importing Packages/com.unity.render-pipelines.core/Runtime/Debugging/Prefabs/Widgets/DebugUIColor.prefab using Guid(77c185820dd1a464eac89cae3abccddf) Importer(815301076,1909f56bfc062723c751e8b465ee728b)  -> (artifact id: 'af893e04cb06a430fd2da5474ae51121') in 0.008781 seconds 
Editor requested this worker to shutdown with reason: Scaling down because of idle timeout
AssetImportWorker is now disconnected from the server
Process exiting
Exiting without the bug reporter. Application will terminate with return code 0