Using pre-set license
Built from '2021.3/staging' branch; Version is '2021.3.19f1 (c9714fde33b6) revision 13201743'; Using compiler version '192829333'; Build Type 'Release'
OS: 'Windows 11  (10.0.22621) 64bit Core' Language: 'fr' Physical Memory: 16085 MB
BatchMode: 1, IsHumanControllingUs: 0, StartBugReporterOnCrash: 0, Is64bit: 1, IsPro: 1

COMMAND LINE ARGUMENTS:
C:\Program Files\Unity\Hub\Editor\2021.3.19f1\Editor\Unity.exe
-adb2
-batchMode
-noUpm
-name
AssetImportWorker12
-projectPath
C:/Users/aroma/Videos/voyiage/Voyiage/Voyiage
-logFile
Logs/AssetImportWorker12.log
-srvPort
51479
Successfully changed project path to: C:/Users/aroma/Videos/voyiage/Voyiage/Voyiage
C:/Users/aroma/Videos/voyiage/Voyiage/Voyiage
[UnityMemory] Configuration Parameters - Can be set up in boot.config
    "memorysetup-bucket-allocator-granularity=16"
    "memorysetup-bucket-allocator-bucket-count=8"
    "memorysetup-bucket-allocator-block-size=33554432"
    "memorysetup-bucket-allocator-block-count=8"
    "memorysetup-main-allocator-block-size=16777216"
    "memorysetup-thread-allocator-block-size=16777216"
    "memorysetup-gfx-main-allocator-block-size=16777216"
    "memorysetup-gfx-thread-allocator-block-size=16777216"
    "memorysetup-cache-allocator-block-size=4194304"
    "memorysetup-typetree-allocator-block-size=2097152"
    "memorysetup-profiler-bucket-allocator-granularity=16"
    "memorysetup-profiler-bucket-allocator-bucket-count=8"
    "memorysetup-profiler-bucket-allocator-block-size=33554432"
    "memorysetup-profiler-bucket-allocator-block-count=8"
    "memorysetup-profiler-allocator-block-size=16777216"
    "memorysetup-profiler-editor-allocator-block-size=1048576"
    "memorysetup-temp-allocator-size-main=16777216"
    "memorysetup-job-temp-allocator-block-size=2097152"
    "memorysetup-job-temp-allocator-block-size-background=1048576"
    "memorysetup-job-temp-allocator-reduction-small-platforms=262144"
    "memorysetup-temp-allocator-size-background-worker=32768"
    "memorysetup-temp-allocator-size-job-worker=262144"
    "memorysetup-temp-allocator-size-preload-manager=33554432"
    "memorysetup-temp-allocator-size-nav-mesh-worker=65536"
    "memorysetup-temp-allocator-size-audio-worker=65536"
    "memorysetup-temp-allocator-size-cloud-worker=32768"
    "memorysetup-temp-allocator-size-gi-baking-worker=262144"
    "memorysetup-temp-allocator-size-gfx=262144"
Player connection [17088] Host "[IP] 192.168.1.57 [Port] 0 [Flags] 2 [Guid] 3839159136 [EditorId] 3839159136 [Version] 1048832 [Id] WindowsEditor(7,MSI) [Debug] 1 [PackageName] WindowsEditor [ProjectName] Editor" joined multi-casting on [225.0.0.222:54997]...

Player connection [17088] Host "[IP] 192.168.1.57 [Port] 0 [Flags] 2 [Guid] 3839159136 [EditorId] 3839159136 [Version] 1048832 [Id] WindowsEditor(7,MSI) [Debug] 1 [PackageName] WindowsEditor [ProjectName] Editor" joined alternative multi-casting on [225.0.0.222:34997]...

Refreshing native plugins compatible for Editor in 100.78 ms, found 3 plugins.
Preloading 0 native plugins for Editor in 0.00 ms.
Initialize engine version: 2021.3.19f1 (c9714fde33b6)
[Subsystems] Discovering subsystems at path C:/Program Files/Unity/Hub/Editor/2021.3.19f1/Editor/Data/Resources/UnitySubsystems
[Subsystems] Discovering subsystems at path C:/Users/aroma/Videos/voyiage/Voyiage/Voyiage/Assets
GfxDevice: creating device client; threaded=0; jobified=0
Direct3D:
    Version:  Direct3D 11.0 [level 11.1]
    Renderer: NVIDIA GeForce GTX 1650 with Max-Q Design (ID=0x1f9d)
    Vendor:   NVIDIA
    VRAM:     3965 MB
    Driver:   30.0.15.1165
Initialize mono
Mono path[0] = 'C:/Program Files/Unity/Hub/Editor/2021.3.19f1/Editor/Data/Managed'
Mono path[1] = 'C:/Program Files/Unity/Hub/Editor/2021.3.19f1/Editor/Data/MonoBleedingEdge/lib/mono/unityjit-win32'
Mono config path = 'C:/Program Files/Unity/Hub/Editor/2021.3.19f1/Editor/Data/MonoBleedingEdge/etc'
Using monoOptions --debugger-agent=transport=dt_socket,embedding=1,server=y,suspend=n,address=127.0.0.1:56836
Begin MonoManager ReloadAssembly
Registering precompiled unity dll's ...
Register platform support module: C:/Program Files/Unity/Hub/Editor/2021.3.19f1/Editor/Data/PlaybackEngines/WindowsStandaloneSupport/UnityEditor.WindowsStandalone.Extensions.dll
Registered in 0.003847 seconds.
Native extension for WindowsStandalone target not found
Refreshing native plugins compatible for Editor in 96.40 ms, found 3 plugins.
Preloading 0 native plugins for Editor in 0.00 ms.
Mono: successfully reloaded assembly
- Completed reload, in  0.515 seconds
Domain Reload Profiling:
	ReloadAssembly (515ms)
		BeginReloadAssembly (53ms)
			ExecutionOrderSort (0ms)
			DisableScriptedObjects (0ms)
			BackupInstance (0ms)
			ReleaseScriptingObjects (0ms)
			CreateAndSetChildDomain (1ms)
		EndReloadAssembly (377ms)
			LoadAssemblies (51ms)
			RebuildTransferFunctionScriptingTraits (0ms)
			SetupTypeCache (83ms)
			ReleaseScriptCaches (0ms)
			RebuildScriptCaches (20ms)
			SetupLoadedEditorAssemblies (237ms)
				LogAssemblyErrors (0ms)
				InitializePlatformSupportModulesInManaged (6ms)
				SetLoadedEditorAssemblies (0ms)
				RefreshPlugins (96ms)
				BeforeProcessingInitializeOnLoad (1ms)
				ProcessInitializeOnLoadAttributes (99ms)
				ProcessInitializeOnLoadMethodAttributes (34ms)
				AfterProcessingInitializeOnLoad (0ms)
				EditorAssembliesLoaded (0ms)
			ExecutionOrderSort2 (0ms)
			AwakeInstancesAfterBackupRestoration (0ms)
Platform modules already initialized, skipping
Registering precompiled user dll's ...
Registered in 0.004887 seconds.
Begin MonoManager ReloadAssembly
Symbol file LoadedFromMemory doesn't match image C:\Users\aroma\Videos\voyiage\Voyiage\Voyiage\Library\PackageCache\com.unity.visualscripting@1.8.0\Editor\VisualScripting.Core\Dependencies\YamlDotNet\Unity.VisualScripting.YamlDotNet.dll
Symbol file LoadedFromMemory doesn't match image C:\Users\aroma\Videos\voyiage\Voyiage\Voyiage\Library\PackageCache\com.unity.visualscripting@1.8.0\Editor\VisualScripting.Core\Dependencies\DotNetZip\Unity.VisualScripting.IonicZip.dll
Native extension for WindowsStandalone target not found
Refreshing native plugins compatible for Editor in 104.83 ms, found 3 plugins.
Preloading 0 native plugins for Editor in 0.00 ms.
Mono: successfully reloaded assembly
- Completed reload, in  1.098 seconds
Domain Reload Profiling:
	ReloadAssembly (1099ms)
		BeginReloadAssembly (82ms)
			ExecutionOrderSort (0ms)
			DisableScriptedObjects (4ms)
			BackupInstance (0ms)
			ReleaseScriptingObjects (0ms)
			CreateAndSetChildDomain (16ms)
		EndReloadAssembly (920ms)
			LoadAssemblies (73ms)
			RebuildTransferFunctionScriptingTraits (0ms)
			SetupTypeCache (261ms)
			ReleaseScriptCaches (1ms)
			RebuildScriptCaches (50ms)
			SetupLoadedEditorAssemblies (503ms)
				LogAssemblyErrors (0ms)
				InitializePlatformSupportModulesInManaged (3ms)
				SetLoadedEditorAssemblies (0ms)
				RefreshPlugins (105ms)
				BeforeProcessingInitializeOnLoad (90ms)
				ProcessInitializeOnLoadAttributes (244ms)
				ProcessInitializeOnLoadMethodAttributes (56ms)
				AfterProcessingInitializeOnLoad (5ms)
				EditorAssembliesLoaded (0ms)
			ExecutionOrderSort2 (0ms)
			AwakeInstancesAfterBackupRestoration (4ms)
Platform modules already initialized, skipping
========================================================================
Worker process is ready to serve import requests
Launched and connected shader compiler UnityShaderCompiler.exe after 0.03 seconds
Refreshing native plugins compatible for Editor in 0.90 ms, found 3 plugins.
Preloading 0 native plugins for Editor in 0.00 ms.
Unloading 5775 Unused Serialized files (Serialized files now loaded: 0)
Unloading 49 unused Assets / (0.8 MB). Loaded Objects now: 6230.
Memory consumption went from 234.4 MB to 233.5 MB.
Total: 3.706100 ms (FindLiveObjects: 0.548500 ms CreateObjectMapping: 0.237800 ms MarkObjects: 2.591200 ms  DeleteObjects: 0.327900 ms)

AssetImportParameters requested are different than current active one (requested -> active):
  custom:video-decoder-ogg-theora: a1e56fd34408186e4bbccfd4996cb3dc -> 
  custom:container-muxer-webm: aa71ff27fc2769a1b78a27578f13a17b -> 
  custom:container-demuxer-webm: 4f35f7cbe854078d1ac9338744f61a02 -> 
  custom:video-encoder-webm-vp8: eb34c28f22e8b96e1ab97ce403110664 -> 
  custom:audio-encoder-webm-vorbis: bf7c407c2cedff20999df2af8eb42d56 -> 
  custom:framework-win-MediaFoundation: 216162199b28c13a410421893ffa2e32 -> 
  custom:container-demuxer-ogg: 62fdf1f143b41e24485cea50d1cbac27 -> 
  custom:video-decoder-webm-vp8: 9c59270c3fd7afecdb556c50c9e8de78 -> 
  custom:audio-decoder-ogg-vorbis: bf7c407c2cedff20999df2af8eb42d56 -> 
========================================================================
Received Import Request.
  Time since last request: 793217.350949 seconds.
  path: Assets/Voyiage asset synty/salle a manger
  artifactKey: Guid(7f886a2ab20e96b469c00813de6cdf08) Importer(815301076,1909f56bfc062723c751e8b465ee728b)
Start importing Assets/Voyiage asset synty/salle a manger using Guid(7f886a2ab20e96b469c00813de6cdf08) Importer(815301076,1909f56bfc062723c751e8b465ee728b)  -> (artifact id: '3445d8760d620e628514546981d3505d') in 0.015838 seconds 
========================================================================
Received Import Request.
  Time since last request: 9.421477 seconds.
  path: Assets/Voyiage asset synty/Salon
  artifactKey: Guid(0d4c21a140eb5664c986dcce4f20333b) Importer(815301076,1909f56bfc062723c751e8b465ee728b)
Start importing Assets/Voyiage asset synty/Salon using Guid(0d4c21a140eb5664c986dcce4f20333b) Importer(815301076,1909f56bfc062723c751e8b465ee728b)  -> (artifact id: 'da9461cb9f0bccefcc2f861816efd44c') in 0.006387 seconds 
========================================================================
Received Import Request.
  Time since last request: 9.410789 seconds.
  path: Assets/Voyiage asset synty/SkyboxHandPainted
  artifactKey: Guid(7231ec7aeaaf96041beb3b56b4f466a3) Importer(815301076,1909f56bfc062723c751e8b465ee728b)
Start importing Assets/Voyiage asset synty/SkyboxHandPainted using Guid(7231ec7aeaaf96041beb3b56b4f466a3) Importer(815301076,1909f56bfc062723c751e8b465ee728b)  -> (artifact id: '4f563fce90cb1aedabecd324bf82a96e') in 0.006224 seconds 
========================================================================
Received Import Request.
  Time since last request: 0.429488 seconds.
  path: Assets/Voyiage asset synty/toilette
  artifactKey: Guid(6bfc2545939353c4e994aecb59ce6903) Importer(815301076,1909f56bfc062723c751e8b465ee728b)
Start importing Assets/Voyiage asset synty/toilette using Guid(6bfc2545939353c4e994aecb59ce6903) Importer(815301076,1909f56bfc062723c751e8b465ee728b)  -> (artifact id: 'b44653c383db15a7b9232069977524b2') in 0.006395 seconds 
========================================================================
Received Import Request.
  Time since last request: 14.149279 seconds.
  path: Assets/Voyiage asset synty/Deco ville
  artifactKey: Guid(ee5be25ef8b2d194eb32e61b0c281a9b) Importer(815301076,1909f56bfc062723c751e8b465ee728b)
Start importing Assets/Voyiage asset synty/Deco ville using Guid(ee5be25ef8b2d194eb32e61b0c281a9b) Importer(815301076,1909f56bfc062723c751e8b465ee728b)  -> (artifact id: 'e6bd9dd2e84101c2d6d9e20109e7c873') in 0.007273 seconds 
========================================================================
Received Import Request.
  Time since last request: 2.274133 seconds.
  path: Assets/Voyiage asset synty/cuisine
  artifactKey: Guid(3ddb6d64a18e7a94e88e91087a3e5271) Importer(815301076,1909f56bfc062723c751e8b465ee728b)
Start importing Assets/Voyiage asset synty/cuisine using Guid(3ddb6d64a18e7a94e88e91087a3e5271) Importer(815301076,1909f56bfc062723c751e8b465ee728b)  -> (artifact id: '350674b49ef5dce660f08b2b96cbc48d') in 0.006595 seconds 
========================================================================
Received Import Request.
  Time since last request: 1.848625 seconds.
  path: Assets/Voyiage asset synty/chambre
  artifactKey: Guid(a56e35a3628365b4b8d120b8cc0056bb) Importer(815301076,1909f56bfc062723c751e8b465ee728b)
Start importing Assets/Voyiage asset synty/chambre using Guid(a56e35a3628365b4b8d120b8cc0056bb) Importer(815301076,1909f56bfc062723c751e8b465ee728b)  -> (artifact id: 'aec137dd627a2e13bb938e3071864076') in 0.007366 seconds 
========================================================================
Received Import Request.
  Time since last request: 4.646546 seconds.
  path: Assets/Voyiage asset synty/chambre/bureau
  artifactKey: Guid(7ac7bd7b255e4d0498d01539b731042f) Importer(815301076,1909f56bfc062723c751e8b465ee728b)
Start importing Assets/Voyiage asset synty/chambre/bureau using Guid(7ac7bd7b255e4d0498d01539b731042f) Importer(815301076,1909f56bfc062723c751e8b465ee728b)  -> (artifact id: '01fa98c273c7e2af43ecc284e6ec2cb4') in 0.006811 seconds 
========================================================================
Received Import Request.
  Time since last request: 2.778072 seconds.
  path: Assets/Voyiage asset synty/batiment
  artifactKey: Guid(492cc6a028d4689428774e40940d3f04) Importer(815301076,1909f56bfc062723c751e8b465ee728b)
Start importing Assets/Voyiage asset synty/batiment using Guid(492cc6a028d4689428774e40940d3f04) Importer(815301076,1909f56bfc062723c751e8b465ee728b)  -> (artifact id: '238d331614d721f492a487c8220ba6b1') in 0.006624 seconds 
========================================================================
Received Import Request.
  Time since last request: 8.781904 seconds.
  path: Assets/InputSystem/StarterAssets.inputactions
  artifactKey: Guid(4419d82f33d36e848b3ed5af4c8da37e) Importer(815301076,1909f56bfc062723c751e8b465ee728b)
Start importing Assets/InputSystem/StarterAssets.inputactions using Guid(4419d82f33d36e848b3ed5af4c8da37e) Importer(815301076,1909f56bfc062723c751e8b465ee728b)  -> (artifact id: '6ffa38d3579e8adc69cd4c89978183b6') in 0.026582 seconds 
========================================================================
Received Import Request.
  Time since last request: 20.043954 seconds.
  path: Assets/Voyiage asset synty/Probs origine PAS SUPPRIMER JAMAIS
  artifactKey: Guid(a7b954cf77d4dd749a9bc070f709d19e) Importer(815301076,1909f56bfc062723c751e8b465ee728b)
Start importing Assets/Voyiage asset synty/Probs origine PAS SUPPRIMER JAMAIS using Guid(a7b954cf77d4dd749a9bc070f709d19e) Importer(815301076,1909f56bfc062723c751e8b465ee728b)  -> (artifact id: '2221cdb85fb41ec076852a702a9d7e70') in 0.006269 seconds 
========================================================================
Received Import Request.
  Time since last request: 1.791185 seconds.
  path: Assets/Voyiage asset synty/Probs origine PAS SUPPRIMER JAMAIS/Props
  artifactKey: Guid(b01cf3e63a0d8364f8e591dfeef4cf11) Importer(815301076,1909f56bfc062723c751e8b465ee728b)
Start importing Assets/Voyiage asset synty/Probs origine PAS SUPPRIMER JAMAIS/Props using Guid(b01cf3e63a0d8364f8e591dfeef4cf11) Importer(815301076,1909f56bfc062723c751e8b465ee728b)  -> (artifact id: 'ad60cd318e9ef3bfaba4523dc894f85f') in 0.006891 seconds 
========================================================================
Received Import Request.
  Time since last request: 0.071740 seconds.
  path: Assets/Voyiage asset synty/Probs origine PAS SUPPRIMER JAMAIS/Props/SM_Prop_Desk_01.fbx
  artifactKey: Guid(544e8d6ec3fd0424c97a4933db63d68c) Importer(815301076,1909f56bfc062723c751e8b465ee728b)
Start importing Assets/Voyiage asset synty/Probs origine PAS SUPPRIMER JAMAIS/Props/SM_Prop_Desk_01.fbx using Guid(544e8d6ec3fd0424c97a4933db63d68c) Importer(815301076,1909f56bfc062723c751e8b465ee728b)  -> (artifact id: '3c32b4a3f66131fa789caa538a1ab994') in 0.234147 seconds 
========================================================================
Received Import Request.
  Time since last request: 0.000022 seconds.
  path: Assets/Voyiage asset synty/Probs origine PAS SUPPRIMER JAMAIS/Props/SM_Prop_Fountain_01.fbx
  artifactKey: Guid(610677808530294489a696e38be99d68) Importer(815301076,1909f56bfc062723c751e8b465ee728b)
Start importing Assets/Voyiage asset synty/Probs origine PAS SUPPRIMER JAMAIS/Props/SM_Prop_Fountain_01.fbx using Guid(610677808530294489a696e38be99d68) Importer(815301076,1909f56bfc062723c751e8b465ee728b)  -> (artifact id: 'b0ddae4cac0f2b8f8dc956ff3a3ba069') in 0.031758 seconds 
========================================================================
Received Import Request.
  Time since last request: 0.000029 seconds.
  path: Assets/Voyiage asset synty/Probs origine PAS SUPPRIMER JAMAIS/Props/SM_Prop_Dresser_03_Combined.fbx
  artifactKey: Guid(8369bd2a51756524a9c16d78a4f4008f) Importer(815301076,1909f56bfc062723c751e8b465ee728b)
Start importing Assets/Voyiage asset synty/Probs origine PAS SUPPRIMER JAMAIS/Props/SM_Prop_Dresser_03_Combined.fbx using Guid(8369bd2a51756524a9c16d78a4f4008f) Importer(815301076,1909f56bfc062723c751e8b465ee728b)  -> (artifact id: 'b97adc17d134cb8235410eeb9af58ca9') in 0.021266 seconds 
========================================================================
Received Import Request.
  Time since last request: 0.000024 seconds.
  path: Assets/Voyiage asset synty/Probs origine PAS SUPPRIMER JAMAIS/Props/SM_Prop_ToiletBrush_01.fbx
  artifactKey: Guid(bdabfbdb7be36ec49b8ac6e9e5a8b211) Importer(815301076,1909f56bfc062723c751e8b465ee728b)
Start importing Assets/Voyiage asset synty/Probs origine PAS SUPPRIMER JAMAIS/Props/SM_Prop_ToiletBrush_01.fbx using Guid(bdabfbdb7be36ec49b8ac6e9e5a8b211) Importer(815301076,1909f56bfc062723c751e8b465ee728b)  -> (artifact id: 'c07124ccc33dfe64e9cb821a50ee0944') in 0.036043 seconds 
========================================================================
Received Import Request.
  Time since last request: 0.000035 seconds.
  path: Assets/Voyiage asset synty/Probs origine PAS SUPPRIMER JAMAIS/Props/SM_Prop_Kitchen_Extractor_01.fbx
  artifactKey: Guid(0e1e4c47586cb1346881f706291ab476) Importer(815301076,1909f56bfc062723c751e8b465ee728b)
Start importing Assets/Voyiage asset synty/Probs origine PAS SUPPRIMER JAMAIS/Props/SM_Prop_Kitchen_Extractor_01.fbx using Guid(0e1e4c47586cb1346881f706291ab476) Importer(815301076,1909f56bfc062723c751e8b465ee728b)  -> (artifact id: 'e17c4a8808e292f7645eff202c4c74a3') in 0.020556 seconds 
========================================================================
Received Import Request.
  Time since last request: 0.000025 seconds.
  path: Assets/Voyiage asset synty/Probs origine PAS SUPPRIMER JAMAIS/Props/SM_Prop_Kitchen_Counter_01.fbx
  artifactKey: Guid(4c016e0835014224ca08bbc0dca244d2) Importer(815301076,1909f56bfc062723c751e8b465ee728b)
Start importing Assets/Voyiage asset synty/Probs origine PAS SUPPRIMER JAMAIS/Props/SM_Prop_Kitchen_Counter_01.fbx using Guid(4c016e0835014224ca08bbc0dca244d2) Importer(815301076,1909f56bfc062723c751e8b465ee728b)  -> (artifact id: 'c655de1775397f378290d870bd2d62ac') in 0.044123 seconds 
========================================================================
Received Import Request.
  Time since last request: 0.000025 seconds.
  path: Assets/Voyiage asset synty/Probs origine PAS SUPPRIMER JAMAIS/Props/SM_Prop_Shower_01.fbx
  artifactKey: Guid(837e6b2b02b89964cb0b0bbae0ae114f) Importer(815301076,1909f56bfc062723c751e8b465ee728b)
Start importing Assets/Voyiage asset synty/Probs origine PAS SUPPRIMER JAMAIS/Props/SM_Prop_Shower_01.fbx using Guid(837e6b2b02b89964cb0b0bbae0ae114f) Importer(815301076,1909f56bfc062723c751e8b465ee728b)  -> (artifact id: '82b0e62364fe0e33c4f499dd7109b4ec') in 0.022204 seconds 
========================================================================
Received Import Request.
  Time since last request: 0.000025 seconds.
  path: Assets/Voyiage asset synty/Probs origine PAS SUPPRIMER JAMAIS/Props/SM_Prop_TVCabinet_01_Combined.fbx
  artifactKey: Guid(9724a8bb391761740a07f24d1723d84f) Importer(815301076,1909f56bfc062723c751e8b465ee728b)
Start importing Assets/Voyiage asset synty/Probs origine PAS SUPPRIMER JAMAIS/Props/SM_Prop_TVCabinet_01_Combined.fbx using Guid(9724a8bb391761740a07f24d1723d84f) Importer(815301076,1909f56bfc062723c751e8b465ee728b)  -> (artifact id: '8e1d07652fb12fec58ac788946275927') in 0.016897 seconds 
========================================================================
Received Import Request.
  Time since last request: 6.708958 seconds.
  path: Assets/Voyiage asset synty/Probs origine PAS SUPPRIMER JAMAIS/PolygonCity
  artifactKey: Guid(e7ca23a740e7ee648a99373c4e1d959e) Importer(815301076,1909f56bfc062723c751e8b465ee728b)
Start importing Assets/Voyiage asset synty/Probs origine PAS SUPPRIMER JAMAIS/PolygonCity using Guid(e7ca23a740e7ee648a99373c4e1d959e) Importer(815301076,1909f56bfc062723c751e8b465ee728b)  -> (artifact id: '7a44f3c392e8ac296eacd611abff5d1d') in 0.006324 seconds 
========================================================================
Received Import Request.
  Time since last request: 3.427112 seconds.
  path: Assets/Voyiage asset synty/Probs origine PAS SUPPRIMER JAMAIS/PolygonApocalypse
  artifactKey: Guid(2ae8f135e0a47e64d96998dad43721bc) Importer(815301076,1909f56bfc062723c751e8b465ee728b)
Start importing Assets/Voyiage asset synty/Probs origine PAS SUPPRIMER JAMAIS/PolygonApocalypse using Guid(2ae8f135e0a47e64d96998dad43721bc) Importer(815301076,1909f56bfc062723c751e8b465ee728b)  -> (artifact id: '2215aaeeced6b2ae4e8506060b91ec95') in 0.006499 seconds 
========================================================================
Received Import Request.
  Time since last request: 1.533268 seconds.
  path: Assets/Voyiage asset synty/Probs origine PAS SUPPRIMER JAMAIS/PolygonApocalypse/Models
  artifactKey: Guid(1cd0713018cf9fc459681a834543b253) Importer(815301076,1909f56bfc062723c751e8b465ee728b)
Start importing Assets/Voyiage asset synty/Probs origine PAS SUPPRIMER JAMAIS/PolygonApocalypse/Models using Guid(1cd0713018cf9fc459681a834543b253) Importer(815301076,1909f56bfc062723c751e8b465ee728b)  -> (artifact id: '47d85f6e394dc4d0ee78dac7f82c3636') in 0.006177 seconds 
========================================================================
Received Import Request.
  Time since last request: 4.024757 seconds.
  path: Assets/Voyiage asset synty/Probs origine PAS SUPPRIMER JAMAIS/PolygonCity/Models
  artifactKey: Guid(6f59b5af71fbc014893888b240249edb) Importer(815301076,1909f56bfc062723c751e8b465ee728b)
Start importing Assets/Voyiage asset synty/Probs origine PAS SUPPRIMER JAMAIS/PolygonCity/Models using Guid(6f59b5af71fbc014893888b240249edb) Importer(815301076,1909f56bfc062723c751e8b465ee728b)  -> (artifact id: 'b7cb2f5e6e98e86a0e506741e9cb9910') in 0.002564 seconds 
========================================================================
Received Import Request.
  Time since last request: 0.088766 seconds.
  path: Assets/Voyiage asset synty/Probs origine PAS SUPPRIMER JAMAIS/PolygonCity/Models/SM_Prop_Skip_01.fbx
  artifactKey: Guid(7d7d28af9afa8d241ab34047420b9aa9) Importer(815301076,1909f56bfc062723c751e8b465ee728b)
Start importing Assets/Voyiage asset synty/Probs origine PAS SUPPRIMER JAMAIS/PolygonCity/Models/SM_Prop_Skip_01.fbx using Guid(7d7d28af9afa8d241ab34047420b9aa9) Importer(815301076,1909f56bfc062723c751e8b465ee728b)  -> (artifact id: 'c5cfbc8e5a88506349ecdf6481860078') in 0.029410 seconds 
========================================================================
Received Import Request.
  Time since last request: 4.474607 seconds.
  path: Assets/Voyiage asset synty/Probs origine PAS SUPPRIMER JAMAIS/Models
  artifactKey: Guid(f5c8768b32fed6e459b2f0775abd4646) Importer(815301076,1909f56bfc062723c751e8b465ee728b)
Start importing Assets/Voyiage asset synty/Probs origine PAS SUPPRIMER JAMAIS/Models using Guid(f5c8768b32fed6e459b2f0775abd4646) Importer(815301076,1909f56bfc062723c751e8b465ee728b)  -> (artifact id: '4cd47bc10f092a6cc26f78733a76dbbd') in 0.002246 seconds 
========================================================================
Received Import Request.
  Time since last request: 0.065476 seconds.
  path: Assets/Voyiage asset synty/Probs origine PAS SUPPRIMER JAMAIS/Models/SM_Prop_Ladder_1x4_01P.fbx
  artifactKey: Guid(d02d752f3b7ea7a4eb2fb7f4aedcd085) Importer(815301076,1909f56bfc062723c751e8b465ee728b)
Start importing Assets/Voyiage asset synty/Probs origine PAS SUPPRIMER JAMAIS/Models/SM_Prop_Ladder_1x4_01P.fbx using Guid(d02d752f3b7ea7a4eb2fb7f4aedcd085) Importer(815301076,1909f56bfc062723c751e8b465ee728b)  -> (artifact id: '5a58f95cf5f3d59f411037a8d8b4a4ee') in 0.017246 seconds 
========================================================================
Received Import Request.
  Time since last request: 1.497689 seconds.
  path: Assets/Voyiage asset synty/Probs origine PAS SUPPRIMER JAMAIS/Models/Buildings
  artifactKey: Guid(9230e399a1c87bd45bfa945c66cfd2bb) Importer(815301076,1909f56bfc062723c751e8b465ee728b)
Start importing Assets/Voyiage asset synty/Probs origine PAS SUPPRIMER JAMAIS/Models/Buildings using Guid(9230e399a1c87bd45bfa945c66cfd2bb) Importer(815301076,1909f56bfc062723c751e8b465ee728b)  -> (artifact id: '35df0b1df7dfedbf6a6037e49cedf0d8') in 0.006110 seconds 
========================================================================
Received Import Request.
  Time since last request: 0.072288 seconds.
  path: Assets/Voyiage asset synty/Probs origine PAS SUPPRIMER JAMAIS/Models/Buildings/SM_Prop_Umbrella_01.fbx
  artifactKey: Guid(10ee53383b5f58b419286fb9a9b63476) Importer(815301076,1909f56bfc062723c751e8b465ee728b)
Start importing Assets/Voyiage asset synty/Probs origine PAS SUPPRIMER JAMAIS/Models/Buildings/SM_Prop_Umbrella_01.fbx using Guid(10ee53383b5f58b419286fb9a9b63476) Importer(815301076,1909f56bfc062723c751e8b465ee728b)  -> (artifact id: 'b3211debd846bb6ad0fa022b0edd48f4') in 0.012874 seconds 
========================================================================
Received Import Request.
  Time since last request: 11.290594 seconds.
  path: Assets/Voyiage asset synty/Probs origine PAS SUPPRIMER JAMAIS/Models/Buildings/Cle.fbx
  artifactKey: Guid(e1561fc62d8f8bb45b35426ab913d57a) Importer(815301076,1909f56bfc062723c751e8b465ee728b)
Start importing Assets/Voyiage asset synty/Probs origine PAS SUPPRIMER JAMAIS/Models/Buildings/Cle.fbx using Guid(e1561fc62d8f8bb45b35426ab913d57a) Importer(815301076,1909f56bfc062723c751e8b465ee728b)  -> (artifact id: '2fabca78277909cc88ea7d06f2dc2a8b') in 0.013599 seconds 
========================================================================
Received Import Request.
  Time since last request: 68.547372 seconds.
  path: Assets/Voyiage asset synty/salle a manger/GameObject.prefab
  artifactKey: Guid(6619b4e39a673b547954b8e86da930d9) Importer(815301076,1909f56bfc062723c751e8b465ee728b)
Start importing Assets/Voyiage asset synty/salle a manger/GameObject.prefab using Guid(6619b4e39a673b547954b8e86da930d9) Importer(815301076,1909f56bfc062723c751e8b465ee728b)  -> (artifact id: 'b400afa1fc4901bdc3c6ef2abd34694e') in 0.024592 seconds 
========================================================================
Received Import Request.
  Time since last request: 0.000035 seconds.
  path: Assets/Voyiage asset synty/salle a manger/Cle.prefab
  artifactKey: Guid(93ee1a43b93589e48aadfc8985f37a6b) Importer(815301076,1909f56bfc062723c751e8b465ee728b)
Start importing Assets/Voyiage asset synty/salle a manger/Cle.prefab using Guid(93ee1a43b93589e48aadfc8985f37a6b) Importer(815301076,1909f56bfc062723c751e8b465ee728b)  -> (artifact id: 'ad28f5f9c1e27fa2f968c1b17c87d603') in 0.016518 seconds 
========================================================================
Received Import Request.
  Time since last request: 0.000042 seconds.
  path: Assets/Voyiage asset synty/salle a manger/chaise.prefab
  artifactKey: Guid(6c35ead4e0f0eff49bf72fb74a31dee4) Importer(815301076,1909f56bfc062723c751e8b465ee728b)
Start importing Assets/Voyiage asset synty/salle a manger/chaise.prefab using Guid(6c35ead4e0f0eff49bf72fb74a31dee4) Importer(815301076,1909f56bfc062723c751e8b465ee728b)  -> (artifact id: '8babec01b9c1f5d6add318a9e5b992e8') in 0.012613 seconds 
========================================================================
Received Import Request.
  Time since last request: 39.602508 seconds.
  path: Assets/Voyiage asset synty/Salon/Botte.prefab
  artifactKey: Guid(ca0f073cc8fea514aac06ec6c4bceadc) Importer(815301076,1909f56bfc062723c751e8b465ee728b)
Start importing Assets/Voyiage asset synty/Salon/Botte.prefab using Guid(ca0f073cc8fea514aac06ec6c4bceadc) Importer(815301076,1909f56bfc062723c751e8b465ee728b)  -> (artifact id: 'eef0e230009b21770104ac9eb85cb9e9') in 0.016943 seconds 
========================================================================
Received Import Request.
  Time since last request: 0.000033 seconds.
  path: Assets/Voyiage asset synty/Salon/Impermeable_AMettreSurleCanap.prefab
  artifactKey: Guid(6ecd93cb2b5e615479f59ab99375cf22) Importer(815301076,1909f56bfc062723c751e8b465ee728b)
Start importing Assets/Voyiage asset synty/Salon/Impermeable_AMettreSurleCanap.prefab using Guid(6ecd93cb2b5e615479f59ab99375cf22) Importer(815301076,1909f56bfc062723c751e8b465ee728b)  -> (artifact id: '216c760b6716f3f5db2461d8e768b4ad') in 0.029530 seconds 
========================================================================
Received Import Request.
  Time since last request: 12.868762 seconds.
  path: Assets/Voyiage asset synty/Cube.prefab
  artifactKey: Guid(e929159ee07c61a4b80b914d5a399dab) Importer(815301076,1909f56bfc062723c751e8b465ee728b)
Start importing Assets/Voyiage asset synty/Cube.prefab using Guid(e929159ee07c61a4b80b914d5a399dab) Importer(815301076,1909f56bfc062723c751e8b465ee728b)  -> (artifact id: '603462fb303c56f2d436fce5d7d07aa0') in 0.022974 seconds 
