Using pre-set license
Built from '2021.3/staging' branch; Version is '2021.3.19f1 (c9714fde33b6) revision 13201743'; Using compiler version '192829333'; Build Type 'Release'
OS: 'Windows 11  (10.0.22621) 64bit Core' Language: 'fr' Physical Memory: 16085 MB
BatchMode: 1, IsHumanControllingUs: 0, StartBugReporterOnCrash: 0, Is64bit: 1, IsPro: 1

COMMAND LINE ARGUMENTS:
C:\Program Files\Unity\Hub\Editor\2021.3.19f1\Editor\Unity.exe
-adb2
-batchMode
-noUpm
-name
AssetImportWorker3
-projectPath
C:/Users/aroma/Videos/voyiage/Voyiage/Voyiage
-logFile
Logs/AssetImportWorker3.log
-srvPort
51479
Successfully changed project path to: C:/Users/aroma/Videos/voyiage/Voyiage/Voyiage
C:/Users/aroma/Videos/voyiage/Voyiage/Voyiage
[UnityMemory] Configuration Parameters - Can be set up in boot.config
    "memorysetup-bucket-allocator-granularity=16"
    "memorysetup-bucket-allocator-bucket-count=8"
    "memorysetup-bucket-allocator-block-size=33554432"
    "memorysetup-bucket-allocator-block-count=8"
    "memorysetup-main-allocator-block-size=16777216"
    "memorysetup-thread-allocator-block-size=16777216"
    "memorysetup-gfx-main-allocator-block-size=16777216"
    "memorysetup-gfx-thread-allocator-block-size=16777216"
    "memorysetup-cache-allocator-block-size=4194304"
    "memorysetup-typetree-allocator-block-size=2097152"
    "memorysetup-profiler-bucket-allocator-granularity=16"
    "memorysetup-profiler-bucket-allocator-bucket-count=8"
    "memorysetup-profiler-bucket-allocator-block-size=33554432"
    "memorysetup-profiler-bucket-allocator-block-count=8"
    "memorysetup-profiler-allocator-block-size=16777216"
    "memorysetup-profiler-editor-allocator-block-size=1048576"
    "memorysetup-temp-allocator-size-main=16777216"
    "memorysetup-job-temp-allocator-block-size=2097152"
    "memorysetup-job-temp-allocator-block-size-background=1048576"
    "memorysetup-job-temp-allocator-reduction-small-platforms=262144"
    "memorysetup-temp-allocator-size-background-worker=32768"
    "memorysetup-temp-allocator-size-job-worker=262144"
    "memorysetup-temp-allocator-size-preload-manager=33554432"
    "memorysetup-temp-allocator-size-nav-mesh-worker=65536"
    "memorysetup-temp-allocator-size-audio-worker=65536"
    "memorysetup-temp-allocator-size-cloud-worker=32768"
    "memorysetup-temp-allocator-size-gi-baking-worker=262144"
    "memorysetup-temp-allocator-size-gfx=262144"
Player connection [35516] Host "[IP] 192.168.1.57 [Port] 0 [Flags] 2 [Guid] 1121654231 [EditorId] 1121654231 [Version] 1048832 [Id] WindowsEditor(7,MSI) [Debug] 1 [PackageName] WindowsEditor [ProjectName] Editor" joined multi-casting on [225.0.0.222:54997]...

Player connection [35516] Host "[IP] 192.168.1.57 [Port] 0 [Flags] 2 [Guid] 1121654231 [EditorId] 1121654231 [Version] 1048832 [Id] WindowsEditor(7,MSI) [Debug] 1 [PackageName] WindowsEditor [ProjectName] Editor" joined alternative multi-casting on [225.0.0.222:34997]...

Refreshing native plugins compatible for Editor in 91.18 ms, found 3 plugins.
Preloading 0 native plugins for Editor in 0.00 ms.
Initialize engine version: 2021.3.19f1 (c9714fde33b6)
[Subsystems] Discovering subsystems at path C:/Program Files/Unity/Hub/Editor/2021.3.19f1/Editor/Data/Resources/UnitySubsystems
[Subsystems] Discovering subsystems at path C:/Users/aroma/Videos/voyiage/Voyiage/Voyiage/Assets
GfxDevice: creating device client; threaded=0; jobified=0
Direct3D:
    Version:  Direct3D 11.0 [level 11.1]
    Renderer: NVIDIA GeForce GTX 1650 with Max-Q Design (ID=0x1f9d)
    Vendor:   NVIDIA
    VRAM:     3965 MB
    Driver:   30.0.15.1165
Initialize mono
Mono path[0] = 'C:/Program Files/Unity/Hub/Editor/2021.3.19f1/Editor/Data/Managed'
Mono path[1] = 'C:/Program Files/Unity/Hub/Editor/2021.3.19f1/Editor/Data/MonoBleedingEdge/lib/mono/unityjit-win32'
Mono config path = 'C:/Program Files/Unity/Hub/Editor/2021.3.19f1/Editor/Data/MonoBleedingEdge/etc'
Using monoOptions --debugger-agent=transport=dt_socket,embedding=1,server=y,suspend=n,address=127.0.0.1:56556
Begin MonoManager ReloadAssembly
Registering precompiled unity dll's ...
Register platform support module: C:/Program Files/Unity/Hub/Editor/2021.3.19f1/Editor/Data/PlaybackEngines/WindowsStandaloneSupport/UnityEditor.WindowsStandalone.Extensions.dll
Registered in 0.003185 seconds.
Native extension for WindowsStandalone target not found
Refreshing native plugins compatible for Editor in 89.46 ms, found 3 plugins.
Preloading 0 native plugins for Editor in 0.00 ms.
Mono: successfully reloaded assembly
- Completed reload, in  0.506 seconds
Domain Reload Profiling:
	ReloadAssembly (506ms)
		BeginReloadAssembly (50ms)
			ExecutionOrderSort (0ms)
			DisableScriptedObjects (0ms)
			BackupInstance (0ms)
			ReleaseScriptingObjects (0ms)
			CreateAndSetChildDomain (0ms)
		EndReloadAssembly (374ms)
			LoadAssemblies (48ms)
			RebuildTransferFunctionScriptingTraits (0ms)
			SetupTypeCache (83ms)
			ReleaseScriptCaches (0ms)
			RebuildScriptCaches (20ms)
			SetupLoadedEditorAssemblies (234ms)
				LogAssemblyErrors (0ms)
				InitializePlatformSupportModulesInManaged (5ms)
				SetLoadedEditorAssemblies (0ms)
				RefreshPlugins (90ms)
				BeforeProcessingInitializeOnLoad (1ms)
				ProcessInitializeOnLoadAttributes (106ms)
				ProcessInitializeOnLoadMethodAttributes (32ms)
				AfterProcessingInitializeOnLoad (0ms)
				EditorAssembliesLoaded (0ms)
			ExecutionOrderSort2 (0ms)
			AwakeInstancesAfterBackupRestoration (0ms)
Platform modules already initialized, skipping
Registering precompiled user dll's ...
Registered in 0.004761 seconds.
Begin MonoManager ReloadAssembly
Symbol file LoadedFromMemory doesn't match image C:\Users\aroma\Videos\voyiage\Voyiage\Voyiage\Library\PackageCache\com.unity.visualscripting@1.8.0\Editor\VisualScripting.Core\Dependencies\YamlDotNet\Unity.VisualScripting.YamlDotNet.dll
Symbol file LoadedFromMemory doesn't match image C:\Users\aroma\Videos\voyiage\Voyiage\Voyiage\Library\PackageCache\com.unity.visualscripting@1.8.0\Editor\VisualScripting.Core\Dependencies\DotNetZip\Unity.VisualScripting.IonicZip.dll
Native extension for WindowsStandalone target not found
Refreshing native plugins compatible for Editor in 101.43 ms, found 3 plugins.
Preloading 0 native plugins for Editor in 0.00 ms.
Mono: successfully reloaded assembly
- Completed reload, in  1.092 seconds
Domain Reload Profiling:
	ReloadAssembly (1092ms)
		BeginReloadAssembly (85ms)
			ExecutionOrderSort (0ms)
			DisableScriptedObjects (4ms)
			BackupInstance (0ms)
			ReleaseScriptingObjects (0ms)
			CreateAndSetChildDomain (18ms)
		EndReloadAssembly (912ms)
			LoadAssemblies (66ms)
			RebuildTransferFunctionScriptingTraits (0ms)
			SetupTypeCache (255ms)
			ReleaseScriptCaches (1ms)
			RebuildScriptCaches (54ms)
			SetupLoadedEditorAssemblies (506ms)
				LogAssemblyErrors (0ms)
				InitializePlatformSupportModulesInManaged (3ms)
				SetLoadedEditorAssemblies (0ms)
				RefreshPlugins (102ms)
				BeforeProcessingInitializeOnLoad (87ms)
				ProcessInitializeOnLoadAttributes (256ms)
				ProcessInitializeOnLoadMethodAttributes (54ms)
				AfterProcessingInitializeOnLoad (4ms)
				EditorAssembliesLoaded (0ms)
			ExecutionOrderSort2 (0ms)
			AwakeInstancesAfterBackupRestoration (4ms)
Platform modules already initialized, skipping
========================================================================
Worker process is ready to serve import requests
Launched and connected shader compiler UnityShaderCompiler.exe after 0.06 seconds
Refreshing native plugins compatible for Editor in 0.85 ms, found 3 plugins.
Preloading 0 native plugins for Editor in 0.00 ms.
Unloading 5399 Unused Serialized files (Serialized files now loaded: 0)
Unloading 48 unused Assets / (0.8 MB). Loaded Objects now: 5852.
Memory consumption went from 218.1 MB to 217.3 MB.
Total: 3.100000 ms (FindLiveObjects: 0.396700 ms CreateObjectMapping: 0.224300 ms MarkObjects: 2.187200 ms  DeleteObjects: 0.290900 ms)

AssetImportParameters requested are different than current active one (requested -> active):
  custom:video-decoder-ogg-theora: a1e56fd34408186e4bbccfd4996cb3dc -> 
  custom:container-muxer-webm: aa71ff27fc2769a1b78a27578f13a17b -> 
  custom:container-demuxer-webm: 4f35f7cbe854078d1ac9338744f61a02 -> 
  custom:video-encoder-webm-vp8: eb34c28f22e8b96e1ab97ce403110664 -> 
  custom:audio-encoder-webm-vorbis: bf7c407c2cedff20999df2af8eb42d56 -> 
  custom:framework-win-MediaFoundation: 216162199b28c13a410421893ffa2e32 -> 
  custom:container-demuxer-ogg: 62fdf1f143b41e24485cea50d1cbac27 -> 
  custom:video-decoder-webm-vp8: 9c59270c3fd7afecdb556c50c9e8de78 -> 
  custom:audio-decoder-ogg-vorbis: bf7c407c2cedff20999df2af8eb42d56 -> 
========================================================================
Received Import Request.
  Time since last request: 790978.002006 seconds.
  path: Assets/Voyiage asset synty/canape.fbx
  artifactKey: Guid(076cad17b2e1dac4482b13dfee87b992) Importer(815301076,1909f56bfc062723c751e8b465ee728b)
Start importing Assets/Voyiage asset synty/canape.fbx using Guid(076cad17b2e1dac4482b13dfee87b992) Importer(815301076,1909f56bfc062723c751e8b465ee728b)  -> (artifact id: '9f5c58307fbaae45b44987d24c63cbd2') in 0.466883 seconds 
========================================================================
Received Import Request.
  Time since last request: 0.000032 seconds.
  path: Assets/Voyiage asset synty/chaise.fbx
  artifactKey: Guid(d644d913095d69543a158de644cc1d5e) Importer(815301076,1909f56bfc062723c751e8b465ee728b)
Start importing Assets/Voyiage asset synty/chaise.fbx using Guid(d644d913095d69543a158de644cc1d5e) Importer(815301076,1909f56bfc062723c751e8b465ee728b)  -> (artifact id: '464625a2ecd6075309720c5b5559b3f7') in 0.032742 seconds 
========================================================================
Received Import Request.
  Time since last request: 0.000039 seconds.
  path: Assets/Voyiage asset synty/table_basse.fbx
  artifactKey: Guid(cb4a435ea85b7ee4c8665c4455bbce59) Importer(815301076,1909f56bfc062723c751e8b465ee728b)
Start importing Assets/Voyiage asset synty/table_basse.fbx using Guid(cb4a435ea85b7ee4c8665c4455bbce59) Importer(815301076,1909f56bfc062723c751e8b465ee728b)  -> (artifact id: '1737f545f990fab25039a94834c9875b') in 0.021363 seconds 
========================================================================
Received Import Request.
  Time since last request: 0.000020 seconds.
  path: Assets/Voyiage asset synty/parapluie (1).fbx
  artifactKey: Guid(05a0969bcdbcecd48a92b013d15d6f6a) Importer(815301076,1909f56bfc062723c751e8b465ee728b)
Start importing Assets/Voyiage asset synty/parapluie (1).fbx using Guid(05a0969bcdbcecd48a92b013d15d6f6a) Importer(815301076,1909f56bfc062723c751e8b465ee728b)  -> (artifact id: 'b4213986d294fc0a1980d7cf7ef73358') in 0.028815 seconds 
========================================================================
Received Import Request.
  Time since last request: 0.000018 seconds.
  path: Assets/Voyiage asset synty/television.fbx
  artifactKey: Guid(65e0fb0eac488af48a4a51e3e4e6eb1f) Importer(815301076,1909f56bfc062723c751e8b465ee728b)
Start importing Assets/Voyiage asset synty/television.fbx using Guid(65e0fb0eac488af48a4a51e3e4e6eb1f) Importer(815301076,1909f56bfc062723c751e8b465ee728b)  -> (artifact id: '8d9759c493ec035dfb6c7e997bad6e37') in 0.024781 seconds 
========================================================================
Received Import Request.
  Time since last request: 0.000040 seconds.
  path: Assets/Voyiage asset synty/lit.fbx
  artifactKey: Guid(913c9f68537045340881b2fed7d47740) Importer(815301076,1909f56bfc062723c751e8b465ee728b)
Start importing Assets/Voyiage asset synty/lit.fbx using Guid(913c9f68537045340881b2fed7d47740) Importer(815301076,1909f56bfc062723c751e8b465ee728b)  -> (artifact id: '591678d7cfc1c30dd8b013e6e30ab109') in 0.058507 seconds 
========================================================================
Received Import Request.
  Time since last request: 0.000035 seconds.
  path: Assets/Voyiage asset synty/table_salle_a_manger.fbx
  artifactKey: Guid(e77669f439155cd42ba4e80952d156d7) Importer(815301076,1909f56bfc062723c751e8b465ee728b)
Start importing Assets/Voyiage asset synty/table_salle_a_manger.fbx using Guid(e77669f439155cd42ba4e80952d156d7) Importer(815301076,1909f56bfc062723c751e8b465ee728b)  -> (artifact id: 'faaa526f7cca4ba3eab951ac44a604a8') in 0.028382 seconds 
========================================================================
Received Import Request.
  Time since last request: 0.000022 seconds.
  path: Assets/Voyiage asset synty/table_television (1).fbx
  artifactKey: Guid(1d749cbf1bf5a024997aabd58ba764ba) Importer(815301076,1909f56bfc062723c751e8b465ee728b)
Start importing Assets/Voyiage asset synty/table_television (1).fbx using Guid(1d749cbf1bf5a024997aabd58ba764ba) Importer(815301076,1909f56bfc062723c751e8b465ee728b)  -> (artifact id: '9ea2fed8c210263eb27069075f00bd8b') in 0.027154 seconds 
========================================================================
Received Import Request.
  Time since last request: 0.000027 seconds.
  path: Assets/Voyiage asset synty/douche.fbx
  artifactKey: Guid(4ce788482c76fc1479f73b40d974548c) Importer(815301076,1909f56bfc062723c751e8b465ee728b)
Start importing Assets/Voyiage asset synty/douche.fbx using Guid(4ce788482c76fc1479f73b40d974548c) Importer(815301076,1909f56bfc062723c751e8b465ee728b)  -> (artifact id: '16cb4b995bca49dae284f1af22d9f075') in 0.598241 seconds 
========================================================================
Received Import Request.
  Time since last request: 10.013407 seconds.
  path: Assets/Voyiage asset synty/Impermeable_AMettreSurleCanap.fbx
  artifactKey: Guid(df8c0486b06d78a46b2ad9ca5d2bd25e) Importer(815301076,1909f56bfc062723c751e8b465ee728b)
Start importing Assets/Voyiage asset synty/Impermeable_AMettreSurleCanap.fbx using Guid(df8c0486b06d78a46b2ad9ca5d2bd25e) Importer(815301076,1909f56bfc062723c751e8b465ee728b)  -> (artifact id: 'e4d17c030559c582ef44ec0470a03205') in 0.046219 seconds 
Editor requested this worker to shutdown with reason: Scaling down because of idle timeout
AssetImportWorker is now disconnected from the server
Process exiting
Exiting without the bug reporter. Application will terminate with return code 0