Using pre-set license
Built from '2021.3/staging' branch; Version is '2021.3.19f1 (c9714fde33b6) revision 13201743'; Using compiler version '192829333'; Build Type 'Release'
OS: 'Windows 11  (10.0.22621) 64bit Core' Language: 'fr' Physical Memory: 16085 MB
BatchMode: 1, IsHumanControllingUs: 0, StartBugReporterOnCrash: 0, Is64bit: 1, IsPro: 1

COMMAND LINE ARGUMENTS:
C:\Program Files\Unity\Hub\Editor\2021.3.19f1\Editor\Unity.exe
-adb2
-batchMode
-noUpm
-name
AssetImportWorker10
-projectPath
C:/Users/aroma/Videos/voyiage/Voyiage/Voyiage
-logFile
Logs/AssetImportWorker10.log
-srvPort
51479
Successfully changed project path to: C:/Users/aroma/Videos/voyiage/Voyiage/Voyiage
C:/Users/aroma/Videos/voyiage/Voyiage/Voyiage
[UnityMemory] Configuration Parameters - Can be set up in boot.config
    "memorysetup-bucket-allocator-granularity=16"
    "memorysetup-bucket-allocator-bucket-count=8"
    "memorysetup-bucket-allocator-block-size=33554432"
    "memorysetup-bucket-allocator-block-count=8"
    "memorysetup-main-allocator-block-size=16777216"
    "memorysetup-thread-allocator-block-size=16777216"
    "memorysetup-gfx-main-allocator-block-size=16777216"
    "memorysetup-gfx-thread-allocator-block-size=16777216"
    "memorysetup-cache-allocator-block-size=4194304"
    "memorysetup-typetree-allocator-block-size=2097152"
    "memorysetup-profiler-bucket-allocator-granularity=16"
    "memorysetup-profiler-bucket-allocator-bucket-count=8"
    "memorysetup-profiler-bucket-allocator-block-size=33554432"
    "memorysetup-profiler-bucket-allocator-block-count=8"
    "memorysetup-profiler-allocator-block-size=16777216"
    "memorysetup-profiler-editor-allocator-block-size=1048576"
    "memorysetup-temp-allocator-size-main=16777216"
    "memorysetup-job-temp-allocator-block-size=2097152"
    "memorysetup-job-temp-allocator-block-size-background=1048576"
    "memorysetup-job-temp-allocator-reduction-small-platforms=262144"
    "memorysetup-temp-allocator-size-background-worker=32768"
    "memorysetup-temp-allocator-size-job-worker=262144"
    "memorysetup-temp-allocator-size-preload-manager=33554432"
    "memorysetup-temp-allocator-size-nav-mesh-worker=65536"
    "memorysetup-temp-allocator-size-audio-worker=65536"
    "memorysetup-temp-allocator-size-cloud-worker=32768"
    "memorysetup-temp-allocator-size-gi-baking-worker=262144"
    "memorysetup-temp-allocator-size-gfx=262144"
Player connection [37332] Host "[IP] 192.168.1.57 [Port] 0 [Flags] 2 [Guid] 3080534149 [EditorId] 3080534149 [Version] 1048832 [Id] WindowsEditor(7,MSI) [Debug] 1 [PackageName] WindowsEditor [ProjectName] Editor" joined multi-casting on [225.0.0.222:54997]...

Player connection [37332] Host "[IP] 192.168.1.57 [Port] 0 [Flags] 2 [Guid] 3080534149 [EditorId] 3080534149 [Version] 1048832 [Id] WindowsEditor(7,MSI) [Debug] 1 [PackageName] WindowsEditor [ProjectName] Editor" joined alternative multi-casting on [225.0.0.222:34997]...

Refreshing native plugins compatible for Editor in 98.21 ms, found 3 plugins.
Preloading 0 native plugins for Editor in 0.00 ms.
Initialize engine version: 2021.3.19f1 (c9714fde33b6)
[Subsystems] Discovering subsystems at path C:/Program Files/Unity/Hub/Editor/2021.3.19f1/Editor/Data/Resources/UnitySubsystems
[Subsystems] Discovering subsystems at path C:/Users/aroma/Videos/voyiage/Voyiage/Voyiage/Assets
GfxDevice: creating device client; threaded=0; jobified=0
Direct3D:
    Version:  Direct3D 11.0 [level 11.1]
    Renderer: NVIDIA GeForce GTX 1650 with Max-Q Design (ID=0x1f9d)
    Vendor:   NVIDIA
    VRAM:     3965 MB
    Driver:   30.0.15.1165
Initialize mono
Mono path[0] = 'C:/Program Files/Unity/Hub/Editor/2021.3.19f1/Editor/Data/Managed'
Mono path[1] = 'C:/Program Files/Unity/Hub/Editor/2021.3.19f1/Editor/Data/MonoBleedingEdge/lib/mono/unityjit-win32'
Mono config path = 'C:/Program Files/Unity/Hub/Editor/2021.3.19f1/Editor/Data/MonoBleedingEdge/etc'
Using monoOptions --debugger-agent=transport=dt_socket,embedding=1,server=y,suspend=n,address=127.0.0.1:56808
Begin MonoManager ReloadAssembly
Registering precompiled unity dll's ...
Register platform support module: C:/Program Files/Unity/Hub/Editor/2021.3.19f1/Editor/Data/PlaybackEngines/WindowsStandaloneSupport/UnityEditor.WindowsStandalone.Extensions.dll
Registered in 0.004433 seconds.
Native extension for WindowsStandalone target not found
Refreshing native plugins compatible for Editor in 118.56 ms, found 3 plugins.
Preloading 0 native plugins for Editor in 0.00 ms.
Mono: successfully reloaded assembly
- Completed reload, in  0.678 seconds
Domain Reload Profiling:
	ReloadAssembly (679ms)
		BeginReloadAssembly (67ms)
			ExecutionOrderSort (0ms)
			DisableScriptedObjects (0ms)
			BackupInstance (0ms)
			ReleaseScriptingObjects (0ms)
			CreateAndSetChildDomain (1ms)
		EndReloadAssembly (488ms)
			LoadAssemblies (65ms)
			RebuildTransferFunctionScriptingTraits (0ms)
			SetupTypeCache (101ms)
			ReleaseScriptCaches (0ms)
			RebuildScriptCaches (24ms)
			SetupLoadedEditorAssemblies (308ms)
				LogAssemblyErrors (0ms)
				InitializePlatformSupportModulesInManaged (7ms)
				SetLoadedEditorAssemblies (0ms)
				RefreshPlugins (119ms)
				BeforeProcessingInitializeOnLoad (1ms)
				ProcessInitializeOnLoadAttributes (123ms)
				ProcessInitializeOnLoadMethodAttributes (58ms)
				AfterProcessingInitializeOnLoad (0ms)
				EditorAssembliesLoaded (0ms)
			ExecutionOrderSort2 (0ms)
			AwakeInstancesAfterBackupRestoration (0ms)
Platform modules already initialized, skipping
Registering precompiled user dll's ...
Registered in 0.006428 seconds.
Begin MonoManager ReloadAssembly
Symbol file LoadedFromMemory doesn't match image C:\Users\aroma\Videos\voyiage\Voyiage\Voyiage\Library\PackageCache\com.unity.visualscripting@1.8.0\Editor\VisualScripting.Core\Dependencies\YamlDotNet\Unity.VisualScripting.YamlDotNet.dll
Symbol file LoadedFromMemory doesn't match image C:\Users\aroma\Videos\voyiage\Voyiage\Voyiage\Library\PackageCache\com.unity.visualscripting@1.8.0\Editor\VisualScripting.Core\Dependencies\DotNetZip\Unity.VisualScripting.IonicZip.dll
Native extension for WindowsStandalone target not found
Refreshing native plugins compatible for Editor in 108.39 ms, found 3 plugins.
Preloading 0 native plugins for Editor in 0.00 ms.
Mono: successfully reloaded assembly
- Completed reload, in  1.186 seconds
Domain Reload Profiling:
	ReloadAssembly (1187ms)
		BeginReloadAssembly (89ms)
			ExecutionOrderSort (0ms)
			DisableScriptedObjects (5ms)
			BackupInstance (0ms)
			ReleaseScriptingObjects (0ms)
			CreateAndSetChildDomain (19ms)
		EndReloadAssembly (996ms)
			LoadAssemblies (71ms)
			RebuildTransferFunctionScriptingTraits (0ms)
			SetupTypeCache (281ms)
			ReleaseScriptCaches (1ms)
			RebuildScriptCaches (51ms)
			SetupLoadedEditorAssemblies (555ms)
				LogAssemblyErrors (0ms)
				InitializePlatformSupportModulesInManaged (3ms)
				SetLoadedEditorAssemblies (0ms)
				RefreshPlugins (108ms)
				BeforeProcessingInitializeOnLoad (102ms)
				ProcessInitializeOnLoadAttributes (278ms)
				ProcessInitializeOnLoadMethodAttributes (58ms)
				AfterProcessingInitializeOnLoad (5ms)
				EditorAssembliesLoaded (0ms)
			ExecutionOrderSort2 (0ms)
			AwakeInstancesAfterBackupRestoration (5ms)
Platform modules already initialized, skipping
========================================================================
Worker process is ready to serve import requests
Launched and connected shader compiler UnityShaderCompiler.exe after 0.03 seconds
Refreshing native plugins compatible for Editor in 0.86 ms, found 3 plugins.
Preloading 0 native plugins for Editor in 0.00 ms.
Unloading 5400 Unused Serialized files (Serialized files now loaded: 0)
Unloading 48 unused Assets / (0.8 MB). Loaded Objects now: 5854.
Memory consumption went from 219.3 MB to 218.5 MB.
Total: 3.342700 ms (FindLiveObjects: 0.380500 ms CreateObjectMapping: 0.190800 ms MarkObjects: 2.520400 ms  DeleteObjects: 0.249500 ms)

AssetImportParameters requested are different than current active one (requested -> active):
  custom:video-decoder-ogg-theora: a1e56fd34408186e4bbccfd4996cb3dc -> 
  custom:container-muxer-webm: aa71ff27fc2769a1b78a27578f13a17b -> 
  custom:container-demuxer-webm: 4f35f7cbe854078d1ac9338744f61a02 -> 
  custom:video-encoder-webm-vp8: eb34c28f22e8b96e1ab97ce403110664 -> 
  custom:audio-encoder-webm-vorbis: bf7c407c2cedff20999df2af8eb42d56 -> 
  custom:framework-win-MediaFoundation: 216162199b28c13a410421893ffa2e32 -> 
  custom:container-demuxer-ogg: 62fdf1f143b41e24485cea50d1cbac27 -> 
  custom:video-decoder-webm-vp8: 9c59270c3fd7afecdb556c50c9e8de78 -> 
  custom:audio-decoder-ogg-vorbis: bf7c407c2cedff20999df2af8eb42d56 -> 
========================================================================
Received Prepare
Registering precompiled user dll's ...
Registered in 0.005118 seconds.
Begin MonoManager ReloadAssembly
IOException: Sharing violation on path C:\Users\aroma\Videos\voyiage\Voyiage\Voyiage\ProjectSettings\Packages\com.unity.testtools.codecoverage\Settings.json
  at System.IO.FileStream..ctor (System.String path, System.IO.FileMode mode, System.IO.FileAccess access, System.IO.FileShare share, System.Int32 bufferSize, System.Boolean anonymous, System.IO.FileOptions options) [0x0019e] in <03bd9b261dff4c2b8b568aca27f561b2>:0 
  at System.IO.FileStream..ctor (System.String path, System.IO.FileMode mode, System.IO.FileAccess access, System.IO.FileShare share, System.Int32 bufferSize, System.IO.FileOptions options) [0x00000] in <03bd9b261dff4c2b8b568aca27f561b2>:0 
  at (wrapper remoting-invoke-with-check) System.IO.FileStream..ctor(string,System.IO.FileMode,System.IO.FileAccess,System.IO.FileShare,int,System.IO.FileOptions)
  at System.IO.StreamWriter..ctor (System.String path, System.Boolean append, System.Text.Encoding encoding, System.Int32 bufferSize) [0x00055] in <03bd9b261dff4c2b8b568aca27f561b2>:0 
  at System.IO.StreamWriter..ctor (System.String path) [0x00008] in <03bd9b261dff4c2b8b568aca27f561b2>:0 
  at (wrapper remoting-invoke-with-check) System.IO.StreamWriter..ctor(string)
  at System.IO.File.WriteAllText (System.String path, System.String contents) [0x00026] in <03bd9b261dff4c2b8b568aca27f561b2>:0 
  at UnityEditor.SettingsManagement.PackageSettingsRepository.Save () [0x00070] in C:\Users\aroma\Videos\voyiage\Voyiage\Voyiage\Library\PackageCache\com.unity.settings-manager@1.0.3\Editor\PackageSettingsRepository.cs:144 
  at UnityEditor.AssemblyReloadEvents.OnBeforeAssemblyReload () [0x00017] in <7fef092428a04dc89d2aa6ad3ce5d856>:0 

(Filename: Library/PackageCache/com.unity.settings-manager@1.0.3/Editor/PackageSettingsRepository.cs Line: 144)

Symbol file LoadedFromMemory doesn't match image C:\Users\aroma\Videos\voyiage\Voyiage\Voyiage\Library\PackageCache\com.unity.visualscripting@1.8.0\Editor\VisualScripting.Core\Dependencies\YamlDotNet\Unity.VisualScripting.YamlDotNet.dll
Symbol file LoadedFromMemory doesn't match image C:\Users\aroma\Videos\voyiage\Voyiage\Voyiage\Library\PackageCache\com.unity.visualscripting@1.8.0\Editor\VisualScripting.Core\Dependencies\DotNetZip\Unity.VisualScripting.IonicZip.dll
Native extension for WindowsStandalone target not found
Refreshing native plugins compatible for Editor in 0.98 ms, found 3 plugins.
Preloading 0 native plugins for Editor in 0.00 ms.
Mono: successfully reloaded assembly
- Completed reload, in  1.139 seconds
Domain Reload Profiling:
	ReloadAssembly (1139ms)
		BeginReloadAssembly (139ms)
			ExecutionOrderSort (0ms)
			DisableScriptedObjects (4ms)
			BackupInstance (0ms)
			ReleaseScriptingObjects (0ms)
			CreateAndSetChildDomain (42ms)
		EndReloadAssembly (912ms)
			LoadAssemblies (84ms)
			RebuildTransferFunctionScriptingTraits (0ms)
			SetupTypeCache (307ms)
			ReleaseScriptCaches (2ms)
			RebuildScriptCaches (37ms)
			SetupLoadedEditorAssemblies (448ms)
				LogAssemblyErrors (0ms)
				InitializePlatformSupportModulesInManaged (11ms)
				SetLoadedEditorAssemblies (0ms)
				RefreshPlugins (1ms)
				BeforeProcessingInitializeOnLoad (84ms)
				ProcessInitializeOnLoadAttributes (287ms)
				ProcessInitializeOnLoadMethodAttributes (59ms)
				AfterProcessingInitializeOnLoad (5ms)
				EditorAssembliesLoaded (0ms)
			ExecutionOrderSort2 (0ms)
			AwakeInstancesAfterBackupRestoration (7ms)
Platform modules already initialized, skipping
Refreshing native plugins compatible for Editor in 2.19 ms, found 3 plugins.
Preloading 0 native plugins for Editor in 0.00 ms.
Unloading 5635 Unused Serialized files (Serialized files now loaded: 0)
Unloading 47 unused Assets / (2.7 MB). Loaded Objects now: 6226.
Memory consumption went from 225.1 MB to 222.4 MB.
Total: 4.609300 ms (FindLiveObjects: 0.356300 ms CreateObjectMapping: 0.216500 ms MarkObjects: 3.069000 ms  DeleteObjects: 0.966500 ms)

AssetImportParameters requested are different than current active one (requested -> active):
  custom:video-decoder-ogg-theora: a1e56fd34408186e4bbccfd4996cb3dc -> 
  custom:container-muxer-webm: aa71ff27fc2769a1b78a27578f13a17b -> 
  custom:container-demuxer-webm: 4f35f7cbe854078d1ac9338744f61a02 -> 
  custom:video-encoder-webm-vp8: eb34c28f22e8b96e1ab97ce403110664 -> 
  custom:audio-encoder-webm-vorbis: bf7c407c2cedff20999df2af8eb42d56 -> 
  custom:framework-win-MediaFoundation: 216162199b28c13a410421893ffa2e32 -> 
  custom:container-demuxer-ogg: 62fdf1f143b41e24485cea50d1cbac27 -> 
  custom:video-decoder-webm-vp8: 9c59270c3fd7afecdb556c50c9e8de78 -> 
  custom:audio-decoder-ogg-vorbis: bf7c407c2cedff20999df2af8eb42d56 -> 
========================================================================
Received Import Request.
  Time since last request: 793074.886205 seconds.
  path: Packages/com.unity.probuilder/Content/Resources/Materials/Collider.mat
  artifactKey: Guid(bbb235fff4f48426b863b36058ab66d2) Importer(815301076,1909f56bfc062723c751e8b465ee728b)
Start importing Packages/com.unity.probuilder/Content/Resources/Materials/Collider.mat using Guid(bbb235fff4f48426b863b36058ab66d2) Importer(815301076,1909f56bfc062723c751e8b465ee728b)  -> (artifact id: 'a4c8b2acb86632d5ec5dd2e077c5ad35') in 0.252159 seconds 
========================================================================
Received Import Request.
  Time since last request: 196.071713 seconds.
  path: Assets/InputSystem/StarterAssets.inputsettings.asset
  artifactKey: Guid(9e7be553448fa2546aea5752021cbcf7) Importer(815301076,1909f56bfc062723c751e8b465ee728b)
Start importing Assets/InputSystem/StarterAssets.inputsettings.asset using Guid(9e7be553448fa2546aea5752021cbcf7) Importer(815301076,1909f56bfc062723c751e8b465ee728b)  -> (artifact id: '878f31c6f464f66761e1ec2318e9526a') in 0.008902 seconds 
========================================================================
Received Import Request.
  Time since last request: 21.948958 seconds.
  path: Assets/Voyiage asset synty/Probs origine PAS SUPPRIMER JAMAIS/Props/SM_Prop_DeskChair_01.fbx
  artifactKey: Guid(5a08c27ac5aa3e14ebe6afdbc6d5f10b) Importer(815301076,1909f56bfc062723c751e8b465ee728b)
Start importing Assets/Voyiage asset synty/Probs origine PAS SUPPRIMER JAMAIS/Props/SM_Prop_DeskChair_01.fbx using Guid(5a08c27ac5aa3e14ebe6afdbc6d5f10b) Importer(815301076,1909f56bfc062723c751e8b465ee728b)  -> (artifact id: 'c6df2b2d9fc34b1342ea71d2fa63f11a') in 0.058278 seconds 
========================================================================
Received Import Request.
  Time since last request: 0.000030 seconds.
  path: Assets/Voyiage asset synty/Probs origine PAS SUPPRIMER JAMAIS/Props/SM_Prop_Television_Flat_01.fbx
  artifactKey: Guid(177324bd84986af4ab0ccc358ce6db0e) Importer(815301076,1909f56bfc062723c751e8b465ee728b)
Start importing Assets/Voyiage asset synty/Probs origine PAS SUPPRIMER JAMAIS/Props/SM_Prop_Television_Flat_01.fbx using Guid(177324bd84986af4ab0ccc358ce6db0e) Importer(815301076,1909f56bfc062723c751e8b465ee728b)  -> (artifact id: '499d563b4002eddb50fcb2c27263e390') in 0.028094 seconds 
========================================================================
Received Import Request.
  Time since last request: 0.000028 seconds.
  path: Assets/Voyiage asset synty/Probs origine PAS SUPPRIMER JAMAIS/Props/SM_Prop_Dresser_03.fbx
  artifactKey: Guid(097f4b54435e89c42bf895fccf6701b8) Importer(815301076,1909f56bfc062723c751e8b465ee728b)
Start importing Assets/Voyiage asset synty/Probs origine PAS SUPPRIMER JAMAIS/Props/SM_Prop_Dresser_03.fbx using Guid(097f4b54435e89c42bf895fccf6701b8) Importer(815301076,1909f56bfc062723c751e8b465ee728b)  -> (artifact id: '5075d6a7be0b22facf9774b8addd9a76') in 0.082504 seconds 
========================================================================
Received Import Request.
  Time since last request: 0.000024 seconds.
  path: Assets/Voyiage asset synty/Probs origine PAS SUPPRIMER JAMAIS/Props/SM_Prop_Toilet_01.fbx
  artifactKey: Guid(c89d4f843fb0bf14f8460f1122d1838a) Importer(815301076,1909f56bfc062723c751e8b465ee728b)
Start importing Assets/Voyiage asset synty/Probs origine PAS SUPPRIMER JAMAIS/Props/SM_Prop_Toilet_01.fbx using Guid(c89d4f843fb0bf14f8460f1122d1838a) Importer(815301076,1909f56bfc062723c751e8b465ee728b)  -> (artifact id: '15e6023ea1507726d2e47de194a6034a') in 0.039910 seconds 
========================================================================
Received Import Request.
  Time since last request: 0.000044 seconds.
  path: Assets/Voyiage asset synty/Probs origine PAS SUPPRIMER JAMAIS/Props/SM_Prop_Kitchen_Fridge_02.fbx
  artifactKey: Guid(b1659edee467ff14fa4876a47866d5ee) Importer(815301076,1909f56bfc062723c751e8b465ee728b)
Start importing Assets/Voyiage asset synty/Probs origine PAS SUPPRIMER JAMAIS/Props/SM_Prop_Kitchen_Fridge_02.fbx using Guid(b1659edee467ff14fa4876a47866d5ee) Importer(815301076,1909f56bfc062723c751e8b465ee728b)  -> (artifact id: 'd517b7b8570049714dea0c282396cdf2') in 0.077325 seconds 
========================================================================
Received Import Request.
  Time since last request: 0.000027 seconds.
  path: Assets/Voyiage asset synty/Probs origine PAS SUPPRIMER JAMAIS/Props/SM_Prop_Flowers_03.fbx
  artifactKey: Guid(02abf7fb371b47145bc21e85ba249b91) Importer(815301076,1909f56bfc062723c751e8b465ee728b)
Start importing Assets/Voyiage asset synty/Probs origine PAS SUPPRIMER JAMAIS/Props/SM_Prop_Flowers_03.fbx using Guid(02abf7fb371b47145bc21e85ba249b91) Importer(815301076,1909f56bfc062723c751e8b465ee728b)  -> (artifact id: 'b9ba1d80d851e2f935c8306a78786f37') in 0.026925 seconds 
========================================================================
Received Import Request.
  Time since last request: 0.000034 seconds.
  path: Assets/Voyiage asset synty/Probs origine PAS SUPPRIMER JAMAIS/Props/SM_Prop_DiningChair_02.fbx
  artifactKey: Guid(f58db124f5e7fbb40a46d4be7fb851a6) Importer(815301076,1909f56bfc062723c751e8b465ee728b)
Start importing Assets/Voyiage asset synty/Probs origine PAS SUPPRIMER JAMAIS/Props/SM_Prop_DiningChair_02.fbx using Guid(f58db124f5e7fbb40a46d4be7fb851a6) Importer(815301076,1909f56bfc062723c751e8b465ee728b)  -> (artifact id: '2a0d5f5b10bf3b29db173bf8bf5049d3') in 0.029478 seconds 
========================================================================
Received Import Request.
  Time since last request: 0.000031 seconds.
  path: Assets/Voyiage asset synty/Probs origine PAS SUPPRIMER JAMAIS/Props/SM_Prop_DiningTable_02.fbx
  artifactKey: Guid(3e107d3edfead3345bc1f6bd729c1a1d) Importer(815301076,1909f56bfc062723c751e8b465ee728b)
Start importing Assets/Voyiage asset synty/Probs origine PAS SUPPRIMER JAMAIS/Props/SM_Prop_DiningTable_02.fbx using Guid(3e107d3edfead3345bc1f6bd729c1a1d) Importer(815301076,1909f56bfc062723c751e8b465ee728b)  -> (artifact id: '40e5a2ba524288742ead1f6483abc312') in 0.021512 seconds 
========================================================================
Received Import Request.
  Time since last request: 0.000027 seconds.
  path: Assets/Voyiage asset synty/Probs origine PAS SUPPRIMER JAMAIS/Props/SM_Prop_Kitchen_CounterSink_01.fbx
  artifactKey: Guid(ffb6cd3a720003044895282ef422e998) Importer(815301076,1909f56bfc062723c751e8b465ee728b)
Start importing Assets/Voyiage asset synty/Probs origine PAS SUPPRIMER JAMAIS/Props/SM_Prop_Kitchen_CounterSink_01.fbx using Guid(ffb6cd3a720003044895282ef422e998) Importer(815301076,1909f56bfc062723c751e8b465ee728b)  -> (artifact id: 'e810a62f1d280f5e8fdd68b70026ade6') in 0.033333 seconds 
========================================================================
Received Import Request.
  Time since last request: 20.434789 seconds.
  path: Assets/Voyiage asset synty/Probs origine PAS SUPPRIMER JAMAIS/Models/SM_Prop_PalletStack_01.fbx
  artifactKey: Guid(fe11e20b22f350b44ba07cace1646e4e) Importer(815301076,1909f56bfc062723c751e8b465ee728b)
Start importing Assets/Voyiage asset synty/Probs origine PAS SUPPRIMER JAMAIS/Models/SM_Prop_PalletStack_01.fbx using Guid(fe11e20b22f350b44ba07cace1646e4e) Importer(815301076,1909f56bfc062723c751e8b465ee728b)  -> (artifact id: '6ed867f6a1e07dfa42ddc30e4b7e7132') in 0.017893 seconds 
Editor requested this worker to shutdown with reason: Scaling down because of idle timeout
AssetImportWorker is now disconnected from the server
Process exiting
Exiting without the bug reporter. Application will terminate with return code 0